1                                         The SAS System           10:51 Thursday, October 2, 2014

NOTE: Copyright (c) 2002-2008 by SAS Institute Inc., Cary, NC, USA. 
NOTE: SAS (r) Proprietary Software 9.2 (TS2M3) 
      Licensed to THE URBAN INSTITUTE, Site 70097024.
NOTE: This session is executing on the X64_VSPRO  platform.



NOTE: SAS initialization used:
      real time           0.75 seconds
      cpu time            0.18 seconds
      

NOTE: AUTOEXEC processing beginning; file is D:\Users\ptatian\Documents\My SAS 
      Files\9.2\Autoexnt.sas.


NOTE: AUTOEXEC processing completed.

1          /**************************************************************************
2           Program:  Brookland_manor.sas
3           Library:  PresCat
4           Project:  NeighborhoodInfo DC
5           Author:   P. Tatian
6           Created:  10/02/14
7           Version:  SAS 9.2
8           Environment:  Local Windows session (desktop)
9          
10          Description:  Get information on Brookland Manor (Brentwood
11          Village).
12         
13          Modifications:
14         **************************************************************************/
15         
16         %include "L:\SAS\Inc\StdLocal.sas";
NOTE: Libref _METADAT was successfully assigned as follows: 
      Engine:        V9 
      Physical Name: L:\Libraries\Metadata\Data
59        +
60        +options ls=124 ps=48;    ** Landscape **;
61        +
62        +** Output title **;
63        +
64        +title "&_library/&_program:  NeighborhoodInfo DC";
65        +
66        +** Define General library for local session only **;
67        +
2 The SAS System                                                                             10:51 Thursday, October 2, 2014

68        +%DCData_lib( General, env=windows, macdef=dcautos uiautos sasautos )
MPRINT(DCDATA_LIB):   options nomprint;
NOTE: Libref GENERA_L was successfully assigned as follows: 
      Engine:        V9 
      Physical Name: D:\DCData\Libraries\General\Data
NOTE: Libref GENERA_R was successfully assigned as follows: 
      Engine:        V9 
      Physical Name: L:\Libraries\General\Data
NOTE: Libref GENERAL was successfully assigned as follows: 
      Levels:           2
      Engine(1):        V9 
      Physical Name(1): D:\DCData\Libraries\General\Data
      Engine(2):        V9 
      Physical Name(2): L:\Libraries\General\Data

=====================================================================
Current FmtSearch Option value:

     WORK* LIBRARY* GENERAL

   *implicitly included by default.

=====================================================================
Status of current catalogs:

NOTE:    WORK.FORMATS DOES NOT EXIST
NOTE:    LIBRARY.FORMATS DOES NOT EXIST
NOTE:    GENERAL.FORMATS EXISTS
=====================================================================


=====================================================================
Current Sasautos Option value:

     GENERA_L DCAUTOS UIAUTOS SASAUTOS

=====================================================================


=====================================================================
Current Sasautos Option value:

     GENERA_L  GENERA_R DCAUTOS UIAUTOS SASAUTOS

=====================================================================

3 The SAS System                                                                             10:51 Thursday, October 2, 2014

69        +
70        +%let _userid = %sysfunc( putc( %lowcase(&SYSUSERID), $longusr. ) );
NOTE: %INCLUDE (level 1) ending.
71         
72         ** Define libraries **;
73         %DCData_lib( PresCat, local=n )
MPRINT(DCDATA_LIB):   options nomprint;
NOTE: Libref PRESCA_R was successfully assigned as follows: 
      Engine:        V9 
      Physical Name: L:\Libraries\PresCat\Data
NOTE: Libref PRESCAT was successfully assigned as follows: 
      Levels:           1
      Engine(1):        V9 
      Physical Name(1): L:\Libraries\PresCat\Data

=====================================================================
Current FmtSearch Option value:

     WORK* LIBRARY* GENERAL PRESCAT

   *implicitly included by default.

=====================================================================
Status of current catalogs:

NOTE:    WORK.FORMATS DOES NOT EXIST
NOTE:    LIBRARY.FORMATS DOES NOT EXIST
NOTE:    GENERAL.FORMATS EXISTS
NOTE:    PRESCAT.FORMATS EXISTS
=====================================================================


=====================================================================
Current Sasautos Option value:

     PRESCA_R GENERA_L GENERA_R DCAUTOS UIAUTOS SASAUTOS

=====================================================================

74         %DCData_lib( RealProp, local=n )
MPRINT(DCDATA_LIB):   options nomprint;
NOTE: Libref REALPR_R was successfully assigned as follows: 
      Engine:        V9 
      Physical Name: L:\Libraries\RealProp\Data
NOTE: Libref REALPROP was successfully assigned as follows: 
      Levels:           1
4 The SAS System                                                                             10:51 Thursday, October 2, 2014

      Engine(1):        V9 
      Physical Name(1): L:\Libraries\RealProp\Data

=====================================================================
Current FmtSearch Option value:

     WORK* LIBRARY* GENERAL PRESCAT REALPROP

   *implicitly included by default.

=====================================================================
Status of current catalogs:

NOTE:    WORK.FORMATS DOES NOT EXIST
NOTE:    LIBRARY.FORMATS DOES NOT EXIST
NOTE:    GENERAL.FORMATS EXISTS
NOTE:    PRESCAT.FORMATS EXISTS
NOTE:    REALPROP.FORMATS EXISTS
=====================================================================


=====================================================================
Current Sasautos Option value:

     PRESCA_R  REALPR_R GENERA_L GENERA_R DCAUTOS UIAUTOS SASAUTOS

=====================================================================

75         %DCData_lib( Mar, local=n )
MPRINT(DCDATA_LIB):   options nomprint;
NOTE: Libref MAR_R was successfully assigned as follows: 
      Engine:        V9 
      Physical Name: L:\Libraries\Mar\Data
NOTE: Libref MAR was successfully assigned as follows: 
      Levels:           1
      Engine(1):        V9 
      Physical Name(1): L:\Libraries\Mar\Data

=====================================================================
Current FmtSearch Option value:

     WORK* LIBRARY* GENERAL PRESCAT REALPROP MAR

   *implicitly included by default.

=====================================================================
5 The SAS System                                                                             10:51 Thursday, October 2, 2014

Status of current catalogs:

NOTE:    WORK.FORMATS DOES NOT EXIST
NOTE:    LIBRARY.FORMATS DOES NOT EXIST
NOTE:    GENERAL.FORMATS EXISTS
NOTE:    PRESCAT.FORMATS EXISTS
NOTE:    REALPROP.FORMATS EXISTS
NOTE:    MAR.FORMATS EXISTS
=====================================================================


=====================================================================
Current Sasautos Option value:

     PRESCA_R REALPR_R  MAR_R GENERA_L GENERA_R DCAUTOS UIAUTOS SASAUTOS

=====================================================================

76         
77         title2 'PresCat.Project';
78         
79         data _null_;
80           set PresCat.Project (where=(nlihc_id='NL000046'));
81           file print;
82           put / '--------------------';
83           put (_all_) (= /);
84         run;

NOTE: 52 lines were written to file PRINT.
NOTE: There were 1 observations read from the data set PRESCAT.PROJECT.
      WHERE nlihc_id='NL000046';
NOTE: The DATA step printed pages 1-2.
NOTE: DATA statement used (Total process time):
      real time           0.05 seconds
      cpu time            0.04 seconds
      

85         
86         title2 'PresCat.Subsidy';
87         
88         data _null_;
89           set PresCat.Subsidy (where=(nlihc_id='NL000046'));
90           file print;
91           put / '--------------------';
92           put (_all_) (= /);
93         run;
6 The SAS System                                                                             10:51 Thursday, October 2, 2014


NOTE: 45 lines were written to file PRINT.
NOTE: There were 3 observations read from the data set PRESCAT.SUBSIDY.
      WHERE nlihc_id='NL000046';
NOTE: The DATA step printed pages 3-4.
NOTE: DATA statement used (Total process time):
      real time           0.00 seconds
      cpu time            0.00 seconds
      

94         
95         title2 'PresCat.Parcel';
96         
97         proc print data=PresCat.Parcel (where=(nlihc_id='NL000046'));
98           id nlihc_id;
99           var ssl in_last_ownerpt Parcel_owner_date Parcel_owner_name Parcel_type;
100        run;

NOTE: There were 1 observations read from the data set PRESCAT.PARCEL.
      WHERE nlihc_id='NL000046';
NOTE: The PROCEDURE PRINT printed page 5.
NOTE: PROCEDURE PRINT used (Total process time):
      real time           0.01 seconds
      cpu time            0.00 seconds
      

101        
102        title2 'PresCat.Building_geocode';
103        
104        proc print data=PresCat.Building_geocode (where=(nlihc_id='NL000046'));
105          id nlihc_id;
106          var Bldg_address_id Bldg_addre Ssl;
107        run;

NOTE: There were 3 observations read from the data set PRESCAT.BUILDING_GEOCODE.
      WHERE nlihc_id='NL000046';
NOTE: The PROCEDURE PRINT printed page 6.
NOTE: PROCEDURE PRINT used (Total process time):
      real time           0.01 seconds
      cpu time            0.00 seconds
      

108        
109        title2 'RealProp.Parcel_base';
110        
111        proc print data=RealProp.Parcel_base;
7 The SAS System                                                                             10:51 Thursday, October 2, 2014

112          where ownername =: 'BRENTWOOD ASSOC';
113          id ssl;
114          var premiseadd ownername ownname2 in_last_ownerpt ui_proptype;
115        run;

NOTE: There were 19 observations read from the data set REALPROP.PARCEL_BASE.
      WHERE ownername=:'BRENTWOOD ASSOC';
NOTE: The PROCEDURE PRINT printed page 7.
NOTE: PROCEDURE PRINT used (Total process time):
      real time           2.72 seconds
      cpu time            0.78 seconds
      

116        
117        title2 'RealProp.Parcel_units';
118        
119        proc print data=RealProp.Parcel_units;
120          where ssl in (
121            "3953    0001",
122            "3953    0002",
123            "3953    0003",
124            "3954    0001",
125            "3954    0002",
126            "3954    0003",
127            "3954    0004",
128            "3954    0005",
129            "4024    0001",
130            "4024    0002",
131            "4024    0003",
132            "4024    0004",
133            "4025    0001",
134            "4025    0002",
135            "4025    0003",
136            "4025    0004",
137            "4025    0005",
138            "4025    0006",
139            "4025    0007" );
140          id ssl;
141          var units_: ;
142          sum units_: ;
143        run;

NOTE: There were 19 observations read from the data set REALPROP.PARCEL_UNITS.
      WHERE ssl in ('3953    0001', '3953    0002', '3953    0003', '3954    0001', '3954    0002', '3954    0003', '3954   
       0004', '3954    0005', '4024    0001', '4024    0002', '4024    0003', '4024    0004', '4025    0001', '4025    
      0002', '4025    0003', '4025    0004', '4025    0005', '4025    0006', '4025    0007');
8 The SAS System                                                                             10:51 Thursday, October 2, 2014

NOTE: The PROCEDURE PRINT printed page 8.
NOTE: PROCEDURE PRINT used (Total process time):
      real time           0.74 seconds
      cpu time            0.12 seconds
      

144        
145        

NOTE: SAS Institute Inc., SAS Campus Drive, Cary, NC USA 27513-2414
NOTE: The SAS System used:
      real time           4.53 seconds
      cpu time            1.21 seconds
      
