1                                         The SAS System              16:47 Tuesday, June 10, 2014

NOTE: Copyright (c) 2002-2008 by SAS Institute Inc., Cary, NC, USA. 
NOTE: SAS (r) Proprietary Software 9.2 (TS2M3) 
      Licensed to THE URBAN INSTITUTE, Site 70097024.
NOTE: This session is executing on the X64_VSPRO  platform.



NOTE: SAS initialization used:
      real time           0.85 seconds
      cpu time            0.26 seconds
      

NOTE: AUTOEXEC processing beginning; file is D:\Users\ptatian\Documents\My SAS 
      Files\9.2\Autoexnt.sas.


NOTE: AUTOEXEC processing completed.

1          /**************************************************************************
2           Program:  Project_sorted_list.sas
3           Library:  PresCat
4           Project:  NeighborhoodInfo DC
5           Author:   P. Tatian
6           Created:  06/10/14
7           Version:  SAS 9.2
8           Environment:  Local Windows session (desktop)
9          
10          Description:  Create list of Preservation Catalog projects sorted by
11         number of units.
12         
13          Modifications:
14         **************************************************************************/
15         
16         %include "L:\SAS\Inc\StdLocal.sas";
NOTE: Libref _METADAT was successfully assigned as follows: 
      Engine:        V9 
      Physical Name: L:\Libraries\Metadata\Data
59        +
60        +options ls=124 ps=48;    ** Landscape **;
61        +
62        +** Output title **;
63        +
64        +title "&_library/&_program:  NeighborhoodInfo DC";
65        +
66        +** Define General library for local session only **;
67        +
2 The SAS System                                                                                16:47 Tuesday, June 10, 2014

68        +%DCData_lib( General, env=windows, macdef=dcautos uiautos sasautos )
MPRINT(DCDATA_LIB):   options nomprint;
NOTE: Libref GENERA_L was successfully assigned as follows: 
      Engine:        V9 
      Physical Name: D:\DCData\Libraries\General\Data
NOTE: Libref GENERA_R was successfully assigned as follows: 
      Engine:        V9 
      Physical Name: L:\Libraries\General\Data
NOTE: Libref GENERAL was successfully assigned as follows: 
      Levels:           2
      Engine(1):        V9 
      Physical Name(1): D:\DCData\Libraries\General\Data
      Engine(2):        V9 
      Physical Name(2): L:\Libraries\General\Data

=====================================================================
Current FmtSearch Option value:

     WORK* LIBRARY* GENERAL

   *implicitly included by default.

=====================================================================
Status of current catalogs:

NOTE:    WORK.FORMATS DOES NOT EXIST
NOTE:    LIBRARY.FORMATS DOES NOT EXIST
NOTE:    GENERAL.FORMATS EXISTS
=====================================================================


=====================================================================
Current Sasautos Option value:

     GENERA_L DCAUTOS UIAUTOS SASAUTOS

=====================================================================


=====================================================================
Current Sasautos Option value:

     GENERA_L  GENERA_R DCAUTOS UIAUTOS SASAUTOS

=====================================================================

3 The SAS System                                                                                16:47 Tuesday, June 10, 2014

69        +
70        +%let _userid = %sysfunc( putc( %lowcase(&SYSUSERID), $longusr. ) );
NOTE: %INCLUDE (level 1) ending.
71         
72         ** Define libraries **;
73         %DCData_lib( PresCat )
MPRINT(DCDATA_LIB):   options nomprint;
NOTE: Libref PRESCA_L was successfully assigned as follows: 
      Engine:        V9 
      Physical Name: D:\DCData\Libraries\PresCat\Data
NOTE: Libref PRESCA_R was successfully assigned as follows: 
      Engine:        V9 
      Physical Name: L:\Libraries\PresCat\Data
NOTE: Libref PRESCAT was successfully assigned as follows: 
      Levels:           2
      Engine(1):        V9 
      Physical Name(1): D:\DCData\Libraries\PresCat\Data
      Engine(2):        V9 
      Physical Name(2): L:\Libraries\PresCat\Data

=====================================================================
Current FmtSearch Option value:

     WORK* LIBRARY* GENERAL PRESCAT

   *implicitly included by default.

=====================================================================
Status of current catalogs:

NOTE:    WORK.FORMATS DOES NOT EXIST
NOTE:    LIBRARY.FORMATS DOES NOT EXIST
NOTE:    GENERAL.FORMATS EXISTS
NOTE:    PRESCAT.FORMATS DOES NOT EXIST
=====================================================================


=====================================================================
Current Sasautos Option value:

     PRESCA_L GENERA_L GENERA_R DCAUTOS UIAUTOS SASAUTOS

=====================================================================


=====================================================================
4 The SAS System                                                                                16:47 Tuesday, June 10, 2014

Current Sasautos Option value:

     PRESCA_L  PRESCA_R GENERA_L GENERA_R DCAUTOS UIAUTOS SASAUTOS

=====================================================================

74         
75         data Project;
76         
77           set PresCat.Project (where=(status='A'));
78         
79           if 0 < Proj_Units_Tot < Proj_Units_Assist_Max then Proj_Units_Assist_Max = .;
80         
81         run;

NOTE: Format $STATUS was not found or could not be loaded.
NOTE: Format $CATEGRY was not found or could not be loaded.
NOTE: There were 339 observations read from the data set PRESCAT.PROJECT.
      WHERE status='A';
NOTE: The data set WORK.PROJECT has 339 observations and 49 variables.
NOTE: Compressing data set WORK.PROJECT decreased size by 51.85 percent. 
      Compressed is 13 pages; un-compressed would require 27 pages.
NOTE: DATA statement used (Total process time):
      real time           0.04 seconds
      cpu time            0.04 seconds
      

82         
83         proc sort data=Project;
84           by descending Proj_Units_Tot descending Proj_Units_Assist_Max Proj_Name;
85         run;

NOTE: There were 339 observations read from the data set WORK.PROJECT.
NOTE: SAS sort was used.
NOTE: The data set WORK.PROJECT has 339 observations and 49 variables.
NOTE: Compressing data set WORK.PROJECT decreased size by 51.85 percent. 
      Compressed is 13 pages; un-compressed would require 27 pages.
NOTE: PROCEDURE SORT used (Total process time):
      real time           0.01 seconds
      cpu time            0.01 seconds
      

86         
87         %fdate()
MPRINT(FDATE):   data _null_;
MPRINT(FDATE):   call symput("fdate",left(put("10JUN2014"d,mmddyy10.)));
5 The SAS System                                                                                16:47 Tuesday, June 10, 2014

MPRINT(FDATE):   run;

NOTE: DATA statement used (Total process time):
      real time           0.00 seconds
      cpu time            0.00 seconds
      

88         
89         ods pdf file="D:\DCData\Libraries\PresCat\Prog\Project_sorted_list.pdf" style=Printer startpage=no
90           notoc;
NOTE: Writing ODS PDF output to DISK destination "D:\DCData\Libraries\PresCat\Prog\Project_sorted_list.pdf", printer "PDF".
91         ods listing close;
92         
93         goptions vsize=4.5in;
94         
95         proc gchart data=Project;
96           hbar Proj_units_tot / midpoints=25 to 750 by 50;
97           label Proj_units_tot=' ' Proj_Units_Assist_Max=' ';
98           title1 height=12pt j=l italic 'DC Preservation Catalog';
99           title2 height=14pt j=c 'Number of Active Projects by Total Units';
100        run;

101        

NOTE: There were 339 observations read from the data set WORK.PROJECT.
NOTE: PROCEDURE GCHART used (Total process time):
      real time           0.10 seconds
      cpu time            0.07 seconds
      

102        proc gchart data=Project;
103          hbar Proj_Units_Assist_Max / midpoints=25 to 750 by 50;
104          label Proj_units_tot=' ' Proj_Units_Assist_Max=' ';
105          title1 height=12pt j=l ' ';
106          title2 height=14pt j=c 'Number of Active Projects by Assisted Units';
107          footnote1 height=9pt j=l "Prepared by NeighborhoodInfo DC (www.NeighborhoodInfoDC.org)";
108        run;

109        
110        options label missing='?';
111        

NOTE: There were 339 observations read from the data set WORK.PROJECT.
NOTE: PROCEDURE GCHART used (Total process time):
      real time           0.03 seconds
      cpu time            0.03 seconds
6 The SAS System                                                                                16:47 Tuesday, June 10, 2014

      

112        proc print data=Project noobs label;
113          var Proj_Name Proj_Units_Tot Proj_Units_Assist_Max;
114          label
115            Proj_Name = 'Project name'
116            Proj_units_tot = 'Total units'
117            Proj_Units_Assist_Max = 'Assisted units';
118          title1 height=12pt j=l 'DC Preservation Catalog';
119          title2 height=14pt j=c 'List of Active Projects by Total and Assisted Units';
120          footnote1 height=9pt j=l "Prepared by NeighborhoodInfo DC (www.NeighborhoodInfoDC.org)";
121        run;

NOTE: There were 339 observations read from the data set WORK.PROJECT.
NOTE: PROCEDURE PRINT used (Total process time):
      real time           0.03 seconds
      cpu time            0.03 seconds
      

122        
123        ods pdf close;
NOTE: ODS PDF printed 12 pages to D:\DCData\Libraries\PresCat\Prog\Project_sorted_list.pdf.
124        ods listing;
125        

NOTE: SAS Institute Inc., SAS Campus Drive, Cary, NC USA 27513-2414
NOTE: The SAS System used:
      real time           2.23 seconds
      cpu time            0.79 seconds
      
