1                                         The SAS System          17:29 Tuesday, December 30, 2014

NOTE: Copyright (c) 2002-2008 by SAS Institute Inc., Cary, NC, USA. 
NOTE: SAS (r) Proprietary Software 9.2 (TS2M3) 
      Licensed to THE URBAN INSTITUTE, Site 70097024.
NOTE: This session is executing on the X64_VSPRO  platform.



NOTE: SAS initialization used:
      real time           0.69 seconds
      cpu time            0.12 seconds
      

NOTE: AUTOEXEC processing beginning; file is D:\Users\ptatian\Documents\My SAS 
      Files\9.2\Autoexnt.sas.


NOTE: AUTOEXEC processing completed.

1          /**************************************************************************
2           Program:  Old_MFA_projects.sas
3           Library:  PresCat
4           Project:  NeighborhoodInfo DC
5           Author:   P. Tatian
6           Created:  12/30/14
7           Version:  SAS 9.2
8           Environment:  Local Windows session (desktop)
9          
10          Description:  Get data on two older MFA projects that are no longer
11         in HUD's database.
12         
13          Modifications:
14         **************************************************************************/
15         
16         %include "L:\SAS\Inc\StdLocal.sas";
NOTE: Libref _METADAT was successfully assigned as follows: 
      Engine:        V9 
      Physical Name: L:\Libraries\Metadata\Data
59        +
60        +options ls=124 ps=48;    ** Landscape **;
61        +
62        +** Output title **;
63        +
64        +title "&_library/&_program:  NeighborhoodInfo DC";
65        +
66        +** Define General library for local session only **;
67        +
2 The SAS System                                                                            17:29 Tuesday, December 30, 2014

68        +%DCData_lib( General, env=windows, macdef=dcautos uiautos sasautos )
MPRINT(DCDATA_LIB):   options nomprint;
NOTE: Libref GENERA_L was successfully assigned as follows: 
      Engine:        V9 
      Physical Name: D:\DCData\Libraries\General\Data
NOTE: Libref GENERA_R was successfully assigned as follows: 
      Engine:        V9 
      Physical Name: L:\Libraries\General\Data
NOTE: Libref GENERAL was successfully assigned as follows: 
      Levels:           2
      Engine(1):        V9 
      Physical Name(1): D:\DCData\Libraries\General\Data
      Engine(2):        V9 
      Physical Name(2): L:\Libraries\General\Data

=====================================================================
Current FmtSearch Option value:

     WORK* LIBRARY* GENERAL

   *implicitly included by default.

=====================================================================
Status of current catalogs:

NOTE:    WORK.FORMATS DOES NOT EXIST
NOTE:    LIBRARY.FORMATS DOES NOT EXIST
NOTE:    GENERAL.FORMATS EXISTS
=====================================================================


=====================================================================
Current Sasautos Option value:

     GENERA_L DCAUTOS UIAUTOS SASAUTOS

=====================================================================


=====================================================================
Current Sasautos Option value:

     GENERA_L  GENERA_R DCAUTOS UIAUTOS SASAUTOS

=====================================================================

3 The SAS System                                                                            17:29 Tuesday, December 30, 2014

69        +
70        +%let _userid = %sysfunc( putc( %lowcase(&SYSUSERID), $longusr. ) );
NOTE: %INCLUDE (level 1) ending.
71         
72         ** Define libraries **;
73         %DCData_lib( PresCat )
MPRINT(DCDATA_LIB):   options nomprint;
NOTE: Libref PRESCA_L was successfully assigned as follows: 
      Engine:        V9 
      Physical Name: D:\DCData\Libraries\PresCat\Data
NOTE: Libref PRESCA_R was successfully assigned as follows: 
      Engine:        V9 
      Physical Name: L:\Libraries\PresCat\Data
NOTE: Libref PRESCAT was successfully assigned as follows: 
      Levels:           2
      Engine(1):        V9 
      Physical Name(1): D:\DCData\Libraries\PresCat\Data
      Engine(2):        V9 
      Physical Name(2): L:\Libraries\PresCat\Data

=====================================================================
Current FmtSearch Option value:

     WORK* LIBRARY* GENERAL PRESCAT

   *implicitly included by default.

=====================================================================
Status of current catalogs:

NOTE:    WORK.FORMATS DOES NOT EXIST
NOTE:    LIBRARY.FORMATS DOES NOT EXIST
NOTE:    GENERAL.FORMATS EXISTS
NOTE:    PRESCAT.FORMATS EXISTS
=====================================================================


=====================================================================
Current Sasautos Option value:

     PRESCA_L GENERA_L GENERA_R DCAUTOS UIAUTOS SASAUTOS

=====================================================================


=====================================================================
4 The SAS System                                                                            17:29 Tuesday, December 30, 2014

Current Sasautos Option value:

     PRESCA_L  PRESCA_R GENERA_L GENERA_R DCAUTOS UIAUTOS SASAUTOS

=====================================================================

74         %DCData_lib( HUD )
MPRINT(DCDATA_LIB):   options nomprint;
NOTE: Libref HUD_L was successfully assigned as follows: 
      Engine:        V9 
      Physical Name: D:\DCData\Libraries\HUD\Data
NOTE: Libref HUD_R was successfully assigned as follows: 
      Engine:        V9 
      Physical Name: L:\Libraries\HUD\Data
NOTE: Libref HUD was successfully assigned as follows: 
      Levels:           2
      Engine(1):        V9 
      Physical Name(1): D:\DCData\Libraries\HUD\Data
      Engine(2):        V9 
      Physical Name(2): L:\Libraries\HUD\Data

=====================================================================
Current FmtSearch Option value:

     WORK* LIBRARY* GENERAL PRESCAT HUD

   *implicitly included by default.

=====================================================================
Status of current catalogs:

NOTE:    WORK.FORMATS DOES NOT EXIST
NOTE:    LIBRARY.FORMATS DOES NOT EXIST
NOTE:    GENERAL.FORMATS EXISTS
NOTE:    PRESCAT.FORMATS EXISTS
NOTE:    HUD.FORMATS EXISTS
=====================================================================


=====================================================================
Current Sasautos Option value:

     PRESCA_L PRESCA_R  HUD_L GENERA_L GENERA_R DCAUTOS UIAUTOS SASAUTOS

=====================================================================

5 The SAS System                                                                            17:29 Tuesday, December 30, 2014


=====================================================================
Current Sasautos Option value:

     PRESCA_L PRESCA_R HUD_L  HUD_R GENERA_L GENERA_R DCAUTOS UIAUTOS SASAUTOS

=====================================================================

75         
76         data _null_;
77           set Hud.Sec8mf_2007_12_dc;
78           where property_id in ( 800003695, 800003708 );
79           file print;
80           put / '--------------------';
81           put (_all_) (= /);
82         run;

NOTE: Format $UIPRTYP was not found or could not be loaded.
NOTE: Format $UIPRTYP was not found or could not be loaded.
NOTE: 242 lines were written to file PRINT.
NOTE: There were 2 observations read from the data set HUD.SEC8MF_2007_12_DC.
      WHERE property_id in (800003695, 800003708);
NOTE: The DATA step printed pages 1-6.
NOTE: DATA statement used (Total process time):
      real time           0.03 seconds
      cpu time            0.01 seconds
      

83         

NOTE: SAS Institute Inc., SAS Campus Drive, Cary, NC USA 27513-2414
NOTE: The SAS System used:
      real time           0.88 seconds
      cpu time            0.14 seconds
      
