PRESCAT/Pres_gantt_viz.sas:  NeighborhoodInfo DC                                          14:21 Sunday, January 18, 2015   1
File = subsidy_sum_b

The CONTENTS Procedure

Data Set Name        WORK.SUBSIDY_SUM_B                      Observations           388 
Member Type          DATA                                    Variables              9   
Engine               V9                                      Indexes                0   
Created              Sunday, January 18, 2015 02:21:09 PM    Observation Length     73  
Last Modified        Sunday, January 18, 2015 02:21:09 PM    Deleted Observations   0   
Protection                                                   Compressed             CHAR
Data Set Type                                                Reuse Space            NO  
Label                                                        Point to Observations  YES 
Data Representation  WINDOWS_64                              Sorted                 YES 
Encoding             wlatin1  Western (Windows)                                         


                                        Engine/Host Dependent Information

Data Set Page Size          4096                                                                                 
Number of Data Set Pages    8                                                                                    
Number of Data Set Repairs  0                                                                                    
Filename                    D:\Users\ptatian\AppData\Local\Temp\SAS Temporary Files\_TD688\subsidy_sum_b.sas7bdat
Release Created             9.0202M3                                                                             
Host Created                X64_VSPRO                                                                            


                       Alphabetic List of Variables and Attributes
 
#    Variable          Type    Len    Format         Label

6    Compl_end         Num       8    MMDDYY10.      Compliance period, end date        
1    Nlihc_id          Char      8                   Preservation Catalog project ID    
7    POA_end           Num       8    MMDDYY10.      Period of affordability, end date  
5    POA_start         Num       8    MMDDYY10.      Period of affordability, start date
2    Portfolio         Char     16    $PORTF_GRP.    Subsidy portfolio                  
4    Subsidy_Active    Num       8    DYESNO.        Subsidy is active                  
8    Units_Assist      Num       8                   Subsidy assisted units             
3    _FREQ_            Num       8                                                      
9    portfolio_grp     Char      1                                                      


                                Sort Information

Sortedby       Nlihc_id portfolio_grp DESCENDING Units_Assist DESCENDING POA_end
Validated      YES                                                              
Character Set  ANSI                                                             
PRESCAT/Pres_gantt_viz.sas:  NeighborhoodInfo DC                                          14:21 Sunday, January 18, 2015   2
File = subsidy_sum_b

The MEANS Procedure

Variable            N             Sum            Mean         Std Dev         Minimum         Maximum
-----------------------------------------------------------------------------------------------------
_FREQ_            388     407.0000000       1.0489691       0.2277266       1.0000000       3.0000000
Subsidy_Active    388     388.0000000       1.0000000               0       1.0000000       1.0000000
POA_start         388      5908845.00        15228.98         2974.67         4780.00        19936.00
Compl_end         304      7475455.00        24590.31         4499.18        16071.00        34515.00
POA_end           388      9939934.00        25618.39         3822.97        19783.00        34515.00
Units_Assist      386        52443.00     135.8626943     114.8723484       4.0000000     717.0000000
-----------------------------------------------------------------------------------------------------
PRESCAT/Pres_gantt_viz.sas:  NeighborhoodInfo DC                                          14:21 Sunday, January 18, 2015   3
File = subsidy_sum_b

The FREQ Procedure

                      Subsidy portfolio
 
                                      Cumulative    Cumulative
Portfolio    Frequency     Percent     Frequency      Percent
--------------------------------------------------------------
3                 388      100.00           388       100.00  
PRESCAT/Pres_gantt_viz.sas:  NeighborhoodInfo DC                                          14:21 Sunday, January 18, 2015   4

                                   Subsidy_                                              Units_    portfolio_
Nlihc_id    Portfolio    _FREQ_     Active      POA_start     Compl_end       POA_end    Assist       grp

NL000001     PB8            1        Yes       10/01/2004             .    10/31/2024      134         1     
             LIHTC          1        Yes       01/01/2004    01/01/2019    01/01/2034      136         2     
             202/811        1        Yes       07/01/2005    05/01/2045    05/01/2045      136         3     
             DC HPTF        1        Yes       03/01/2005    03/01/2045    03/01/2045      119         3     
             CDBG           1        Yes       03/01/2005    03/01/2020    03/01/2020      119         3     

NL000004     CDBG           1        Yes       05/06/2005    05/06/2020    05/06/2020       25         3     

NL000006     LIHTC          1        Yes       01/01/2004    01/01/2019    01/01/2034       15         2     

NL000010     DC HPTF        1        Yes       09/01/2004    09/01/2044    09/01/2044        4         3     

NL000016     202/811        1        Yes       07/01/2000    05/01/2040    05/01/2040       16         3     
             CDBG           2        Yes       06/01/2000    06/01/2020    06/01/2020       16         3     

NL000017     DC HPTF        1        Yes       04/01/2006    04/01/2046    04/01/2046        6         3     

NL000020     CDBG           1        Yes       06/16/2005    06/16/2020    06/16/2020       11         3     

NL000021     202/811        1        Yes       10/21/1991    06/01/2032    06/01/2032      191         3     
             CDBG           1        Yes       06/01/2009    05/01/2044    05/01/2044       96         3     

NL000023     202/811        1        Yes       05/01/1982    10/01/2021    10/01/2021       21         3     

NL000026     202/811        1        Yes       01/01/1983    12/01/2022    10/31/2033      293         3     
             CDBG           1        Yes       12/01/2008    11/01/2043    11/01/2043      147         3     

NL000027     LIHTC          1        Yes       01/01/2001    01/01/2016    01/01/2031      105         2     
             CDBG           1        Yes       07/01/2000    07/01/2015    07/01/2015      105         3     

NL000028     PB8            1        Yes       04/06/1983             .    06/30/2024      108         1     
             202/811        1        Yes       08/01/2004    07/01/2026    07/01/2026      108         3     

NL000029     PB8            1        Yes       11/01/2004             .    10/31/2024      196         1     
             LIHTC          1        Yes       01/01/1989    01/01/2004    01/01/2019      196         2     
             202/811        1        Yes       12/01/2004    11/01/2029    11/01/2029      196         3     

NL000031     PB8            1        Yes       12/01/2006             .    11/30/2026       18         1     
             LIHTC          1        Yes       01/01/2007    01/01/2022    01/01/2037       74         2     
PRESCAT/Pres_gantt_viz.sas:  NeighborhoodInfo DC                                          14:21 Sunday, January 18, 2015   5

                                   Subsidy_                                              Units_    portfolio_
Nlihc_id    Portfolio    _FREQ_     Active      POA_start     Compl_end       POA_end    Assist       grp

NL000031     202/811        1        Yes       08/01/1977    07/01/2017    07/01/2017       91         3     

NL000032     CDBG           1        Yes       09/01/2000    09/01/2020    09/01/2020      348         3     

NL000033     LIHTC          1        Yes       01/01/2001    01/01/2016    01/01/2031      124         2     
             CDBG           1        Yes       04/01/2001    04/01/2016    04/01/2016      124         3     

NL000036     PB8            1        Yes       05/01/2001             .    04/30/2021       18         1     

NL000037     LIHTC          1        Yes       01/17/2002    01/17/2017    01/17/2032      273         2     
             202/811        1        Yes       07/01/2003    06/01/2040    06/01/2040      275         3     
             CDBG           1        Yes       01/01/2003    01/01/2018    01/01/2018      275         3     

NL000038     PB8            1        Yes       09/01/2006             .    08/31/2016       97         1     

NL000039     PB8            1        Yes       06/01/2005             .    05/31/2025      148         1     
             202/811        1        Yes       07/01/2005    06/01/2030    06/01/2030      148         3     

NL000040     PB8            1        Yes       09/29/1995             .    11/30/2014      193         1     

NL000041     PB8            1        Yes       09/29/1995             .    03/23/2032       86         1     
             LIHTC          1        Yes       01/01/1997    01/01/2012    01/01/2027       86         2     
PRESCAT/Pres_gantt_viz.sas:  NeighborhoodInfo DC                                          14:21 Sunday, January 18, 2015   6

---------------------------------------------------------------------------------
|                                                |   N    |   Min    |   Max    |
|------------------------------------------------+--------+----------+----------|
|Period of affordability, start date             |     388|02/01/1973|08/01/2014|
|Period of affordability, end date               |     388|03/01/2014|07/01/2054|
---------------------------------------------------------------------------------
PRESCAT/Pres_gantt_viz.sas:  NeighborhoodInfo DC                                          14:21 Sunday, January 18, 2015   7

                         Portfolio_
Nlihc_id    Portfolio       sort       Proj_label

NL000096       Pb8           1         Elsinore Courtyards (Dhaka House)* [12]                           
NL000290       Pb8           1         Tel Court Cooperative [56]                                        
NL000080       Pb8           1         Congress Park I (Congress Park Plaza Apts)* [162]                 
NL000216       Pb8           1         Northwest Coop No 15* [48]                                        
NL000218       Pb8           1         Oak Street Apts* [50]                                             
NL000208       Pb8           1         Museum Square One Apts* [302]                                     
NL000065       Pb8           1         Hubbard Place (Cavalier Apts)* [230]                              
NL000217       Pb8           1         Northwest Cooperative No 17* [46]                                 
NL000040       Pb8           1         Benning Park Terrace [193]                                        
NL000135       Pb8           1         Glenn Arms Apts* [45]                                             
NL000152       Pb8           1         Hedin House* [35]                                                 
NL000091       Pb8           1         Edgewood Terrace I* [114]                                         
NL000114       Pb8           1         Foster House* [74]                                                
NL000243       Pb8           1         Portner Place* [48]                                               
NL000288       Pb8           1         Sursum Corda Cooperative [149]                                    
NL000261       Pb8           1         Woodberry Village (Savannah Ridge)* [124]                         
NL000120       Pb8           1         Friendship Terrace* [40]                                          
NL000185       Pb8           1         Kenyon Apts [18]                                                  
NL000222       Pb8           1         Paradise Manor (Paradise at Parkside) [261]                       

                Chart_      Chart_                Ltc_c_    Ltc_a_                                         Label_
Nlihc_id      start_dt    poa_start    Pb8_end      end       end     Fin_end    Hpt_end    Oth_end        end_dt

NL000096    01/01/1970      13757        2464        .         .         .          .          .       05/31/2014
NL000290    01/01/1970      14092        2190        .         .         .          .          .       07/31/2014
NL000080    01/01/1970       4962       11322        .         .         .          .          .       08/02/2014
NL000216    01/01/1970      12662        3651        .         .         .          .          .       08/31/2014
NL000218    01/01/1970      13453        2867        .         .         .          .          .       09/07/2014
NL000208    01/01/1970      13788        2556        .         .         .          .          .       10/01/2014
NL000065    01/01/1970      12996        3378        .         .         .          .          .       10/31/2014
NL000217    01/01/1970      13026        3377        .         .         .          .          .       11/29/2014
NL000040    01/01/1970       9402        7002        .         .         .          .          .       11/30/2014
NL000135    01/01/1970      13269        3135        .         .         .          .          .       11/30/2014
NL000152    01/01/1970      13057        3378        .         .         .          .          .       12/31/2014
NL000091    01/01/1970       9402        7040        .         .         .          .          .       01/07/2015
NL000114    01/01/1970      12996        3498        .         .         .          .          .       02/28/2015
NL000243    01/01/1970      11190        5304        .         .         .          .          .       02/28/2015
NL000288    01/01/1970      13970        2524        .         .         .          .          .       02/28/2015
NL000261    01/01/1970      12234        4382        .         .         .          .          .       06/30/2015
NL000120    01/01/1970      13787        2891        .         .         .          .          .       08/31/2015
NL000185    01/01/1970      14040        2647        .         .         .          .          .       09/09/2015
NL000222    01/01/1970      14153        2555        .         .         .          .          .       09/30/2015
PRESCAT/Pres_gantt_viz.sas:  NeighborhoodInfo DC                                          14:21 Sunday, January 18, 2015   8

                         Portfolio_
Nlihc_id    Portfolio       sort       Proj_label

NL000046       Pb8           1         Brookland Manor (Brentwood Village Apts)* [373]                   
NL000319       Pb8           1         Wah Luck House [152]                                              
NL000284       Pb8           1         Stoneridge I [22]                                                 
NL000280       Pb8           1         Forest Ridge & The Vistas (Formerly Stanton-Wellington Apts) [381]
NL000038       Pb8           1         Benning Courts [97]                                               
NL000252       Pb8           1         Ritch Homes [42]                                                  
NL000275       Pb8           1         St James Mutual Home [36]                                         
NL000206       Pb8           1         Morris Road [30]                                                  
NL000057       Pb8           1         Carmel Plaza North [40]                                           
NL000283       Pb8           1         Stoneridge Apts II [46]                                           
NL000342       Pb8           1         Capitol Manor Cooperative* [19]                                   
NL000297       Pb8           1         The Green Valley Apts* [72]                                       
NL000116       Pb8           1         Franklin Commons [100]                                            
NL000224       Pb8           1         Claypoole Courts (Parcel Five Apts) [122]                         
NL000117       Pb8           1         Frederick Douglass (Douglas Glen Gardens)* [150]                  
NL000036       Pb8           1         Beecher Cooperative [18]                                          
NL000092       Pb8           1         Edgewood Terrace IV (The Vista)* [103]                            
NL000101       Pb8           1         Faircliff Plaza East* [80]                                        
NL000316       Pb8           1         W Street Apts [18]                                                

                Chart_      Chart_                Ltc_c_    Ltc_a_                                         Label_
Nlihc_id      start_dt    poa_start    Pb8_end      end       end     Fin_end    Hpt_end    Oth_end        end_dt

NL000046    01/01/1970      14883        1856        .         .         .          .          .       10/31/2015
NL000319    01/01/1970      13118        3651        .         .         .          .          .       11/30/2015
NL000284    01/01/1970       5387       11444        .         .         .          .          .       01/31/2016
NL000280    01/01/1970      13057        3834        .         .         .          .          .       03/31/2016
NL000038    01/01/1970      13392        3652        .         .         .          .          .       08/31/2016
NL000252    01/01/1970      12662        4535        .         .         .          .          .       01/31/2017
NL000275    01/01/1970      15461        1825        .         .         .          .          .       04/30/2017
NL000206    01/01/1970      12935        4382        .         .         .          .          .       05/31/2017
NL000057    01/01/1970       6397       10957        .         .         .          .          .       07/07/2017
NL000283    01/01/1970      13057        4382        .         .         .          .          .       09/30/2017
NL000342    01/01/1970      13910        3652        .         .         .          .          .       01/31/2018
NL000297    01/01/1970      13604        4017        .         .         .          .          .       03/31/2018
NL000116    01/01/1970      12323        5690        .         .         .          .          .       04/27/2019
NL000224    01/01/1970      14000        4108        .         .         .          .          .       07/31/2019
NL000117    01/01/1970       3987       14609        .         .         .          .          .       11/30/2020
NL000036    01/01/1970      11443        7304        .         .         .          .          .       04/30/2021
NL000092    01/01/1970      11719        7304        .         .         .          .          .       01/31/2022
NL000101    01/01/1970      11779        7303        .         .         .          .          .       03/31/2022
NL000316    01/01/1970      11992        7304        .         .         .          .          .       10/31/2022
PRESCAT/Pres_gantt_viz.sas:  NeighborhoodInfo DC                                          14:21 Sunday, January 18, 2015   9

                         Portfolio_
Nlihc_id    Portfolio       sort       Proj_label

NL000309       Pb8           1         Trinity Towers* [122]                                           
NL000164       Pb8           1         Huntington Village* [202]                                       
NL000077       Pb8           1         Columbia Heights Village Apts* [406]                            
NL000273       Pb8           1         Orchard Park (Southview Apts I)* [98]                           
NL000271       Pb8           1         Southern Hills Apts* [255]                                      
NL000103       Pb8           1         Fairmont I & II Apts* [203]                                     
NL000028       Pb8           1         Atlantic Gardens* [108]                                         
NL000295       Pb8           1         The Covington Family Association Cooperative* [21]              
NL000127       Pb8           1         Garfield Hills Apts (Garfield Park)* [93]                       
NL000081       Pb8           1         Congress Park II* [214]                                         
NL000001       Pb8           1         1330 7th St Apts (Immaculate Conception)* [134]                 
NL000029       Pb8           1         Atlantic Terrace* [196]                                         
NL000228       Pb8           1         Parkchester Associates Apts* [94]                               
NL000102       Pb8           1         Faircliff Plaza West* [111]                                     
NL000039       Pb8           1         Benning Heights* [148]                                          
NL000060       Pb8           1         Carver Hall Apts* [94]                                          
NL000126       Pb8           1         Galen Terrace* [84]                                             
NL000170       Pb8           1         Ivy City Apts* [60]                                             
NL000031       Pb8           1         Azeeze Bates* [18]                                              

                Chart_      Chart_                Ltc_c_    Ltc_a_                                         Label_
Nlihc_id      start_dt    poa_start    Pb8_end      end       end     Fin_end    Hpt_end    Oth_end        end_dt

NL000309    01/01/1970      11999        7304         .         .        .          .          .       11/07/2022
NL000164    01/01/1970      11627        7699         .         .        .          .          .       11/30/2022
NL000077    01/01/1970      11688        7669         .         .        .          .          .       12/31/2022
NL000273    01/01/1970       4983       14494         .         .        .          .          .       04/30/2023
NL000271    01/01/1970      12173        7304         .         .        .          .          .       04/30/2023
NL000103    01/01/1970      13514        6208         .         .        .          .          .       12/31/2023
NL000028    01/01/1970       4843       15061         .         .        .          .          .       06/30/2024
NL000295    01/01/1970       4947       14975         .         .        .          .          .       07/18/2024
NL000127    01/01/1970      12631        7304         .         .        .          .          .       07/31/2024
NL000081    01/01/1970      12692        7304         .         .        .          .          .       09/30/2024
NL000001    01/01/1970      12692        7335         .         .        .          .          .       10/31/2024
NL000029    01/01/1970      12723        7304         .         .        .          .          .       10/31/2024
NL000228    01/01/1970       4880       15177         .         .        .          .          .       11/30/2024
NL000102    01/01/1970      12873        7304         .         .        .          .          .       03/30/2025
NL000039    01/01/1970      12935        7304         .         .        .          .          .       05/31/2025
NL000060    01/01/1970      12784        7669         .         .        .          .          .       12/31/2025
NL000126    01/01/1970      13300        7304         .         .        .          .          .       05/31/2026
NL000170    01/01/1970       5095       15662         .         .        .          .          .       10/31/2026
NL000031    01/01/1970      13483        7304         .         .        .          .          .       11/30/2026
PRESCAT/Pres_gantt_viz.sas:  NeighborhoodInfo DC                                          14:21 Sunday, January 18, 2015  10

                         Portfolio_
Nlihc_id    Portfolio       sort       Proj_label

NL000202       Pb8           1         Mayfair Mansions (Phase I)* [320]                               
NL000136       Pb8           1         Golden Rule Apts* [183]                                         
NL000190       Pb8           1         Langston Lane* [117]                                            
NL000298       Pb8           1         The Pentacle* [50]                                              
NL000329       Pb8           1         Wheeler Terrace Apts [112]                                      
NL000186       Pb8           1         King Towers [25]                                                
NL000047       Pb8           1         Paul Lawrence Dunbar (Campbell Heights)* [170]                  
NL000112       Pb8           1         Fort Lincoln Senior Village II [176]                            
NL000226       Pb8           1         Samuel Kelsey Apts (Park Road Apts) [150]                       
NL000111       Pb8           1         Fort Lincoln Senior Village I [187]                             
NL000310       Pb8           1         Tyler House* [284]                                              
NL000113       Pb8           1         Fort Lincoln Senior Village III [304]                           
NL000052       Pb8           1         Capitol Hill Apartments* [204]                                  
NL000041       Pb8           1         Benning Road Apts* [86]                                         
NL000195       Pb8           1         Lincoln Westmoreland I* [82]                                    
NL000133       Pb8           1         Gibson Plaza* [122]                                             
                                                                                                       
NL000266       Ltc           2         Shalom House* [94]                                              
NL000123       Ltc           2         Washington Overlook [33]                                        

                Chart_      Chart_                Ltc_c_    Ltc_a_                                         Label_
Nlihc_id      start_dt    poa_start    Pb8_end      end       end     Fin_end    Hpt_end    Oth_end        end_dt

NL000202    01/01/1970      13787        7304         .         .        .          .          .       09/30/2027
NL000136    01/01/1970      13726        7457         .         .        .          .          .       12/31/2027
NL000190    01/01/1970      13879        7670         .         .        .          .          .       12/31/2028
NL000298    01/01/1970      13970        7669         .         .        .          .          .       03/31/2029
NL000329    01/01/1970      12572        9403         .         .        .          .          .       03/02/2030
NL000186    01/01/1970      13757        8400         .         .        .          .          .       08/31/2030
NL000047    01/01/1970      14123        8034         .         .        .          .          .       08/31/2030
NL000112    01/01/1970       3329       18858         .         .        .          .          .       09/30/2030
NL000226    01/01/1970       5642       16898         .         .        .          .          .       09/18/2031
NL000111    01/01/1970      13422        9130         .         .        .          .          .       09/30/2031
NL000310    01/01/1970       9770       12782         .         .        .          .          .       09/30/2031
NL000113    01/01/1970      13453        9130         .         .        .          .          .       10/31/2031
NL000052    01/01/1970      14304        8400         .         .        .          .          .       02/29/2032
NL000041    01/01/1970       9402       13325         .         .        .          .          .       03/23/2032
NL000195    01/01/1970      13726        9649         .         .        .          .          .       12/31/2033
NL000133    01/01/1970      12996       10591         .         .        .          .          .       07/31/2034
                     .          .           .         .         .        .          .          .                .
NL000266    01/01/1970       6940           .      5478      5479        .          .          .       01/01/2019
NL000123    01/01/1970       7305           .      5479      5478        .          .          .       01/01/2020
PRESCAT/Pres_gantt_viz.sas:  NeighborhoodInfo DC                                          14:21 Sunday, January 18, 2015  11

                         Portfolio_
Nlihc_id    Portfolio       sort       Proj_label

NL000229       Ltc           2         Parkchester Housing Coop (New Parkchester) [128]                
NL000292       Ltc           2         Terrace Manor Apts [60]                                         
NL000330       Ltc           2         Whitelaw Hotel Apts [35]                                        
NL000272       Ltc           2         Southern Ridge Apts [105]                                       
NL000995       Ltc           2         Villages Of Parklands-Garden Village Apts (Parkland Manor) [230]
NL000996       Ltc           2         Villages Of Parklands-Manor Village Apts. (Parkland Manor) [347]
NL000209       Ltc           2         N Street Village (Eden House) [94]                              
NL000305       Ltc           2         Tobias Henson Apts [64]                                         
NL000147       Ltc           2         Greenway Apts (Meadow Green Courts)* [470]                      
NL001001       Ltc           2         Crescent Park Village [110]                                     
NL000089       Ltc           2         Edgewood Gardens Phase II (The Parke) [42]                      
NL000320       Ltc           2         Walbraff Apts* [28]                                             
NL000239       Ltc           2         Brookland Park Apts [79]                                        
NL000238       Ltc           2         Burke Park Apts [160]                                           
NL000109       Ltc           2         Fort Chaplin Park* [413]                                        
NL000240       Ltc           2         Fort Stevens Hill Apts [59]                                     
NL000128       Ltc           2         Maplewood Court [94]                                            
NL000241       Ltc           2         Petworth Station Apts [78]                                      
NL000255       Ltc           2         Rockburne Estates* [224]                                        

                Chart_      Chart_                Ltc_c_    Ltc_a_                                         Label_
Nlihc_id      start_dt    poa_start    Pb8_end      end       end     Fin_end    Hpt_end    Oth_end        end_dt

NL000229    01/01/1970       8035           .      5479      5479        .          .          .       01/01/2022
NL000292    01/01/1970       8401           .      5478      5479        .          .          .       01/01/2023
NL000330    01/01/1970       8401           .      5478      5479        .          .          .       01/01/2023
NL000272    01/01/1970       9131           .      5479      5479        .          .          .       01/01/2025
NL000995    01/01/1970       9131           .      5479      5479        .          .          .       01/01/2025
NL000996    01/01/1970       9131           .      5479      5479        .          .          .       01/01/2025
NL000209    01/01/1970       9496           .      5479      5479        .          .          .       01/01/2026
NL000305    01/01/1970       9496           .      5479      5479        .          .          .       01/01/2026
NL000147    01/01/1970       9862           .      5478      5479        .          .          .       01/01/2027
NL001001    01/01/1970      10592           .      5479      5479        .          .          .       01/01/2029
NL000089    01/01/1970      10592           .      5479      5479        .          .          .       01/01/2029
NL000320    01/01/1970      10858           .      5479      5479        .          .          .       09/24/2029
NL000239    01/01/1970      10957           .      5479      5479        .          .          .       01/01/2030
NL000238    01/01/1970      10957           .      5479      5479        .          .          .       01/01/2030
NL000109    01/01/1970      10957           .      5479      5479        .          .          .       01/01/2030
NL000240    01/01/1970      10957           .      5479      5479        .          .          .       01/01/2030
NL000128    01/01/1970      10957           .      5479      5479        .          .          .       01/01/2030
NL000241    01/01/1970      10957           .      5479      5479        .          .          .       01/01/2030
NL000255    01/01/1970      10957           .      5479      5479        .          .          .       01/01/2030
PRESCAT/Pres_gantt_viz.sas:  NeighborhoodInfo DC                                          14:21 Sunday, January 18, 2015  12

                         Portfolio_
Nlihc_id    Portfolio       sort       Proj_label

NL000236       Ltc           2         Chesapeake Crest (Madison Court)* [78]                          
NL000237       Ltc           2         Hanover Court (Hartford Knox St Apts)* [74]                     
NL000027       Ltc           2         Aspen Court* [105]                                              
NL000033       Ltc           2         Barnaby Manor (The Gregory)* [124]                              
NL000327       Ltc           2         Wheeler Creek [148]                                             

                Chart_      Chart_                Ltc_c_    Ltc_a_                                         Label_
Nlihc_id      start_dt    poa_start    Pb8_end      end       end     Fin_end    Hpt_end    Oth_end        end_dt

NL000236    01/01/1970      11254           .      5478      5479        .          .          .       10/24/2030
NL000237    01/01/1970      11254           .      5478      5479        .          .          .       10/24/2030
NL000027    01/01/1970      11323           .      5478      5479        .          .          .       01/01/2031
NL000033    01/01/1970      11323           .      5478      5479        .          .          .       01/01/2031
NL000327    01/01/1970      11323           .      5478      5479        .          .          .       01/01/2031
