PRESCAT/Project_dump.sas:  NeighborhoodInfo DC                                          10:43 Thursday, January 29, 2015   1
data=PresCat.DC_Info

NLIHC_ID           CATEGORY             Proj_Name       Proj_Addre       ID_REAC  ID_MFA ID_FHA ID_202811  ID_236   ID_LIHTC

NL000262 5 - Other Subsidized Property SAYLES PLACE 2716 DOUGLASS PL SE 800003779                         800003779         
PRESCAT/Project_dump.sas:  NeighborhoodInfo DC                                          10:43 Thursday, January 29, 2015   2
data=PresCat.Project

                                                                                       Cat_
                                                   Cat_At_     Cat_     Cat_Failing_   More_   Cat_                 Cat_
Nlihc_id  Status   Subsidized    Category_Code      Risk     Expiring       Insp       Info    Other   Cat_Lost   Replaced

NL000262  Active      Yes       Expiring Subsidy     No        Yes           No         No      No        No         No   

                                                                                    Proj_
                                                                                   Units_   Proj_Units_   Proj_Units_
Nlihc_id   Proj_Name          Proj_Addre         Proj_City    Proj_ST   Proj_Zip     Tot     Assist_Min    Assist_Max

NL000262  Sayles Place   2716 Douglas Place SE   Washington     DC       20020       61          61            61    

 
            Hud_Own_                                 Hud_Own_
Nlihc_id   Effect_dt          Hud_Own_Name             Type                 Hud_Mgr_Name                Hud_Mgr_Type

NL000262  12/24/1972    Sayles Place Homes, Inc.    Non-profit    Vision Realty Management Company    Profit motivated

            Subsidy_
              Start_    Subsidy_      Subsidy_     Subsidy_               Proj_Name_
Nlihc_id       First   Start_Last    End_First     End_Last   Ward2012       old          Proj_Addre_old      Anc2012

NL000262  04/01/1981   04/01/1981   03/01/2014   03/01/2014    Ward 8    SAYLES PLACE   2716 DOUGLASS PL SE   ANC 8C 

                                                                                                    Proj_
                                     Cluster_                                                       image_
Nlihc_id  Psa2012      Geo2010        tr2000             Cluster_tr2000_name              Zip        url

NL000262  PSA 703    Tract 74.06    Cluster 37    Sheridan, Barry Farm, Buena Vista    ZIP 20020          

 
 
Nlihc_id                                           Proj_streetview_url

NL000262  http://maps.google.com/maps?z=16&layer=c&cbll=38.85623388,-76.99118242&cbp=11,200.605227018211,,0,2.09

            Proj_
          address_                                                      Bldg_
Nlihc_id     id         Proj_x       Proj_y     Proj_lat    Proj_lon    count

NL000262   298583     400765.34    132046.93     38.8562    -76.9912      1  
PRESCAT/Project_dump.sas:  NeighborhoodInfo DC                                          10:43 Thursday, January 29, 2015   3
data=PresCat.Subsidy_mfa

 
           MFA_                                                                    MFA_
NLIHC_ID ASSUNITS       CATEGORY        Proj_Name       Proj_Addre       ID_MFA   SOURCE MFA_PROG  MFA_START    MFA_END

NL000262    12    2 - Expiring Subsidy Sayles Place 2716 DOUGLASS PL SE 800003779                 10/11/2012 10/10/2017

                                       tracs_   tracs_overall_ tracs_current_ assisted_ program_
         MFA_  property_  contract_  effective_  expiration_    expiration_     units_   type_   rent_to_fmr_    extract_
NLIHC_ID NOTES     id      number       date         date           date        count     name    description        date

NL000262       800003779 DC39M000044 10/11/2012   10/10/2017     10/10/2014       12      LMSA   Below 80% FMR 10/02/2014

 
                                 tracs_   in_DC_            Subsidy_       Subsidy_Info_
NLIHC_ID  address_line1_text     status    Info    in_MFA    Active          Source_ID           Subsidy_Info_Source_Var

NL000262 2700-07 Douglas PL SE   Active      1        1       Yes      800003779/DC39M000044   property_id/contract_number

                                                                   Subsidy_
                                                                 Info_Source_                                   Compl_
NLIHC_ID                 Subsidy_Info_Source                         Date              Update_Dtm    Program      end

NL000262 HUD - Multifamily Assistance and Section 8 Contracts     10/02/2014     29JAN15:10:32:36     LMSA       21102
PRESCAT/Project_dump.sas:  NeighborhoodInfo DC                                          10:43 Thursday, January 29, 2015   4
data=PresCat.Subsidy

 
           Subsidy_   Units_                              contract_    rent_to_fmr_    Subsidy_       Subsidy_Info_
Nlihc_id      id      Assist    POA_start      POA_end     number       description     Active          Source_ID

NL000262       1        61              .            .                                   Yes                           
NL000262       2         .              .            .                                   Yes                           
NL000262       3        61     04/01/1981   03/01/2014                                   Yes                           
NL000262       4        12     10/11/2012   10/10/2017   DC39M000044   Below 80% FMR     Yes      800003779/DC39M000044

                                                                     Subsidy_
                                                                   Info_Source_
Nlihc_id   Subsidy_Info_Source                                         Date              Update_Dtm

NL000262   DC/AFFPIPELINE                                           02/01/2008     18JAN15:11:00:28
NL000262   DC/HFAPIPELINE                                           01/02/2008     18JAN15:11:00:28
NL000262   HUD - Active Section 236 Projects                        08/29/2008     18JAN15:11:00:28
NL000262   HUD - Multifamily Assistance and Section 8 Contracts     10/02/2014     29JAN15:10:32:36

 
 
Nlihc_id   Program                                 Compl_end    Agency

NL000262   DC housing production trust fund                .    DC                                      
NL000262   McKinney Vento Act loan                         .    DC                                      
NL000262   Sec 236(j)(1) lower income families    03/01/2014    US Dept of Housing and Urban Development
NL000262   Sec 8 loan management set-aside                 .    US Dept of Housing and Urban Development

 
 
Nlihc_id   Portfolio

NL000262   DC housing production trust fund
NL000262   McKinney Vento                  
NL000262   Section 236                     
NL000262   Project-based section 8         
PRESCAT/Project_dump.sas:  NeighborhoodInfo DC                                          10:43 Thursday, January 29, 2015   5
data=HUD.sec8mf_2014_11_dc

--------------------

contract_number=DC39Q031002
property_id=800219652
tracs_effective_date=12/01/2013
tracs_overall_expiration_date=11/30/2014
tracs_overall_exp_fiscal_year=2015
tracs_overall_expire_quarter=Oct - Dec
tracs_current_expiration_date=11/30/2014
contract_term_months_qty=12
assisted_units_count=8
is_hud_administered_ind=Yes
is_acc_old_ind=No
is_acc_performance_based_ind=No
contract_doc_type_code=Project Rental Assistance Contract
program_type_name=PRAC/811
program_type_group_code=PRAC 202/811
rent_to_FMR_ratio=40.05
rent_to_FMR_description=Below 80% FMR
br0_count=0
br1_count=6
br2_count=2
br3_count=0
br4_count=0
br5plus_count=0
br0_fmr=N
br1_fmr=1230
br2_fmr=1458
br3_fmr=N
br4_fmr=N
extract_date=11/25/2014
hub_name_text=Baltimore
servicing_site_name_text=Washington, DC
property_name_text=54th Street Housing
property_phone_number=
address_line1_text=431 54th Street, SE
address_line2_text=
city_name_text=Washington
state_code=DC
zip_code=20019
zip4_code=
county_code=001
county_name_text=District Of Columbia
msa_code=8840
msa_name_text=Washington, DC-MD-VA-WV PMSA
PRESCAT/Project_dump.sas:  NeighborhoodInfo DC                                          10:43 Thursday, January 29, 2015   6
data=HUD.sec8mf_2014_11_dc
congressional_district_code=00
placed_base_city_name_text=WASHINGTON
property_total_unit_count=8
associated_financing_number=000HD058
is_insured_ind=No
is_202_811_ind=Yes
is_hud_held_ind=No
is_hud_owned_ind=No
is_hospital_ind=No
is_nursing_home_ind=No
is_board_and_care_ind=No
is_assisted_living_ind=No
is_refinanced_ind=No
is_221d3_ind=No
is_221d4_ind=No
is_236_ind=No
is_non_insured_ind=No
is_bmir_ind=No
is_risk_sharing_ind=No
is_mip_ind=No
is_co_insured_ind=No
ownership_effective_date=04/05/2007
owner_participant_id=275425
owner_individual_first_name=
owner_individual_middle_name=
owner_individual_last_name=
owner_individual_full_name=
owner_individual_title_text=
owner_organization_name=54th Street Corporation
owner_address_line1=1301 Belmont Street, N.W.
owner_address_line2=
owner_city_name=Washington
owner_state_code=DC
owner_zip_code=20009
owner_zip4_code=4817
owner_main_phone_number_text=202-265-0405
owner_main_fax_number_text=
owner_email_text=cgbunn@weilent.com
mgmt_agent_participant_id=174362
mgmt_agent_indv_first_name=
mgmt_agent_indv_last_name=
mgmt_agent_indv_middle_name=
mgmt_agent_full_name=
mgmt_agent_indv_title_text=
mgmt_agent_org_name=Weil Enterprises
mgmt_agent_address_line1=106 E. Walnut Street
PRESCAT/Project_dump.sas:  NeighborhoodInfo DC                                          10:43 Thursday, January 29, 2015   7
data=HUD.sec8mf_2014_11_dc
mgmt_agent_address_line2=PO Box 2063
mgmt_agent_city_name=Goldsboro
mgmt_agent_state_code=NC
mgmt_agent_zip_code=27533
mgmt_agent_zip4_code=
mgmt_agent_main_phone_number=919-734-1111
mgmt_agent_main_fax_number=919-736-1926
mgmt_agent_email_text=cgbunn@weilent.com
RecordNo=109
tracs_status=Active
property_category=202/811
primary_financing=202/811
owner_company=Non-Profit
mgmt_agent_company=Profit Motivated
