1                                         The SAS System            22:21 Sunday, October 19, 2014

NOTE: Copyright (c) 2002-2008 by SAS Institute Inc., Cary, NC, USA. 
NOTE: SAS (r) Proprietary Software 9.2 (TS2M3) 
      Licensed to THE URBAN INSTITUTE, Site 70097024.
NOTE: This session is executing on the X64_VSPRO  platform.



NOTE: SAS initialization used:
      real time           0.82 seconds
      cpu time            0.15 seconds
      

NOTE: AUTOEXEC processing beginning; file is D:\Users\ptatian\Documents\My SAS 
      Files\9.2\Autoexnt.sas.


NOTE: AUTOEXEC processing completed.

1          /**************************************************************************
2           Program:  Project_check.sas
3           Library:  PresCat
4           Project:  NeighborhoodInfo DC
5           Author:   P. Tatian
6           Created:  09/27/14
7           Version:  SAS 9.2
8           Environment:  Local Windows session (desktop)
9          
10          Description:  Check projects with missing parcel info.
11         
12          Modifications:
13         **************************************************************************/
14         
15         %include "L:\SAS\Inc\StdLocal.sas";
NOTE: Libref _METADAT was successfully assigned as follows: 
      Engine:        V9 
      Physical Name: L:\Libraries\Metadata\Data
58        +
59        +options ls=124 ps=48;    ** Landscape **;
60        +
61        +** Output title **;
62        +
63        +title "&_library/&_program:  NeighborhoodInfo DC";
64        +
65        +** Define General library for local session only **;
66        +
67        +%DCData_lib( General, env=windows, macdef=dcautos uiautos sasautos )
2 The SAS System                                                                              22:21 Sunday, October 19, 2014

MPRINT(DCDATA_LIB):   options nomprint;
NOTE: Libref GENERA_L was successfully assigned as follows: 
      Engine:        V9 
      Physical Name: D:\DCData\Libraries\General\Data
NOTE: Libref GENERA_R was successfully assigned as follows: 
      Engine:        V9 
      Physical Name: L:\Libraries\General\Data
NOTE: Libref GENERAL was successfully assigned as follows: 
      Levels:           2
      Engine(1):        V9 
      Physical Name(1): D:\DCData\Libraries\General\Data
      Engine(2):        V9 
      Physical Name(2): L:\Libraries\General\Data

=====================================================================
Current FmtSearch Option value:

     WORK* LIBRARY* GENERAL

   *implicitly included by default.

=====================================================================
Status of current catalogs:

NOTE:    WORK.FORMATS DOES NOT EXIST
NOTE:    LIBRARY.FORMATS DOES NOT EXIST
NOTE:    GENERAL.FORMATS EXISTS
=====================================================================


=====================================================================
Current Sasautos Option value:

     GENERA_L DCAUTOS UIAUTOS SASAUTOS

=====================================================================


=====================================================================
Current Sasautos Option value:

     GENERA_L  GENERA_R DCAUTOS UIAUTOS SASAUTOS

=====================================================================

68        +
3 The SAS System                                                                              22:21 Sunday, October 19, 2014

69        +%let _userid = %sysfunc( putc( %lowcase(&SYSUSERID), $longusr. ) );
NOTE: %INCLUDE (level 1) ending.
70         
71         ** Define libraries **;
72         %DCData_lib( PresCat, local=n )
MPRINT(DCDATA_LIB):   options nomprint;
NOTE: Libref PRESCA_R was successfully assigned as follows: 
      Engine:        V9 
      Physical Name: L:\Libraries\PresCat\Data
NOTE: Libref PRESCAT was successfully assigned as follows: 
      Levels:           1
      Engine(1):        V9 
      Physical Name(1): L:\Libraries\PresCat\Data

=====================================================================
Current FmtSearch Option value:

     WORK* LIBRARY* GENERAL PRESCAT

   *implicitly included by default.

=====================================================================
Status of current catalogs:

NOTE:    WORK.FORMATS DOES NOT EXIST
NOTE:    LIBRARY.FORMATS DOES NOT EXIST
NOTE:    GENERAL.FORMATS EXISTS
NOTE:    PRESCAT.FORMATS EXISTS
=====================================================================


=====================================================================
Current Sasautos Option value:

     PRESCA_R GENERA_L GENERA_R DCAUTOS UIAUTOS SASAUTOS

=====================================================================

73         %DCData_lib( RealProp, local=n )
MPRINT(DCDATA_LIB):   options nomprint;
NOTE: Libref REALPR_R was successfully assigned as follows: 
      Engine:        V9 
      Physical Name: L:\Libraries\RealProp\Data
NOTE: Libref REALPROP was successfully assigned as follows: 
      Levels:           1
      Engine(1):        V9 
4 The SAS System                                                                              22:21 Sunday, October 19, 2014

      Physical Name(1): L:\Libraries\RealProp\Data

=====================================================================
Current FmtSearch Option value:

     WORK* LIBRARY* GENERAL PRESCAT REALPROP

   *implicitly included by default.

=====================================================================
Status of current catalogs:

NOTE:    WORK.FORMATS DOES NOT EXIST
NOTE:    LIBRARY.FORMATS DOES NOT EXIST
NOTE:    GENERAL.FORMATS EXISTS
NOTE:    PRESCAT.FORMATS EXISTS
NOTE:    REALPROP.FORMATS EXISTS
=====================================================================


=====================================================================
Current Sasautos Option value:

     PRESCA_R  REALPR_R GENERA_L GENERA_R DCAUTOS UIAUTOS SASAUTOS

=====================================================================

74         
75         %let PROJECT_CHECK = 'NL000046';
76         
77         title2 "PresCat.Project";
78         
79         data _null_;
80           set PresCat.Project;
81           where nlihc_id = &PROJECT_CHECK;
82           file print;
83           put / '--------------------';
84           put (_all_) (= /);
85         run;

NOTE: 51 lines were written to file PRINT.
NOTE: There were 1 observations read from the data set PRESCAT.PROJECT.
      WHERE nlihc_id='NL000046';
NOTE: The DATA step printed pages 1-2.
NOTE: DATA statement used (Total process time):
      real time           0.04 seconds
5 The SAS System                                                                              22:21 Sunday, October 19, 2014

      cpu time            0.03 seconds
      

86         
87         title2 'PresCat.Subsidy_mfa';
88         
89         data _null_;
90           set PresCat.Subsidy_mfa;
91           where nlihc_id = &PROJECT_CHECK;
92           file print;
93           put / '--------------------';
94           put (_all_) (= /);
95         run;

NOTE: Format $S8PGMNM was not found or could not be loaded.
NOTE: Format $S8STAT was not found or could not be loaded.
NOTE: Format $S8PGMNM was not found or could not be loaded.
NOTE: Format $S8STAT was not found or could not be loaded.
NOTE: 62 lines were written to file PRINT.
NOTE: There were 2 observations read from the data set PRESCAT.SUBSIDY_MFA.
      WHERE nlihc_id='NL000046';
NOTE: The DATA step printed pages 3-4.
NOTE: DATA statement used (Total process time):
      real time           0.01 seconds
      cpu time            0.00 seconds
      

96         
97         title2 "PresCat.Subsidy";
98         
99         proc print data=PresCat.Subsidy;
100          where nlihc_id = &PROJECT_CHECK;
101          id Nlihc_id;
102        run;

NOTE: There were 3 observations read from the data set PRESCAT.SUBSIDY.
      WHERE nlihc_id='NL000046';
NOTE: The PROCEDURE PRINT printed page 5.
NOTE: PROCEDURE PRINT used (Total process time):
      real time           0.01 seconds
      cpu time            0.00 seconds
      

103        
104        title2 "PresCat.Parcel";
105        
6 The SAS System                                                                              22:21 Sunday, October 19, 2014

106        proc print data=PresCat.Parcel;
107          where nlihc_id = &PROJECT_CHECK;
108          id Nlihc_id;
109        run;

NOTE: There were 19 observations read from the data set PRESCAT.PARCEL.
      WHERE nlihc_id='NL000046';
NOTE: The PROCEDURE PRINT printed page 6.
NOTE: PROCEDURE PRINT used (Total process time):
      real time           0.01 seconds
      cpu time            0.00 seconds
      

110        
111        /*
112        title2 "RealProp.Parcel_base";
113        
114        data _null_;
115          set RealProp.Parcel_base;
116          where ssl = '0216    0027';
117          file print;
118          put / '--------------------';
119          put (_all_) (= /);
120        run;
121        
122        
123        
124        run;

NOTE: SAS Institute Inc., SAS Campus Drive, Cary, NC USA 27513-2414
NOTE: The SAS System used:
      real time           1.13 seconds
      cpu time            0.26 seconds
      
