PRESCAT/Project_assisted_units.sas:  NeighborhoodInfo DC                                    23:28 Monday, April 27, 2015   1
File = PresCat.Project_assisted_units

The CONTENTS Procedure

Data Set Name        PRESCAT.PROJECT_ASSISTED_UNITS        Observations           329 
Member Type          DATA                                  Variables              51  
Engine               V9                                    Indexes                0   
Created              Monday, April 27, 2015 11:28:20 PM    Observation Length     1370
Last Modified        Monday, April 27, 2015 11:28:20 PM    Deleted Observations   0   
Protection                                                 Compressed             CHAR
Data Set Type                                              Reuse Space            NO  
Label                                                      Point to Observations  YES 
Data Representation  WINDOWS_64                            Sorted                 YES 
Encoding             wlatin1  Western (Windows)                                       


                          Engine/Host Dependent Information

Data Set Page Size          16384                                                    
Number of Data Set Pages    12                                                       
Number of Data Set Repairs  0                                                        
Filename                    L:\Libraries\PresCat\Data\project_assisted_units.sas7bdat
Release Created             9.0202M3                                                 
Host Created                X64_VSPRO                                                


                                      Alphabetic List of Variables and Attributes
 
 #    Variable                 Type    Len    Format         Label

20    Anc2012                  Char      2    $ANC12A.       Advisory Neighborhood Commission (2012)                   
33    Bldg_count               Num       8                   Number of buildings for project                           
 4    Category_Code            Char      1    $CATEGRY.      Preservation Catalog project category                     
23    Cluster_tr2000           Char      2    $CLUS00A.      Neighborhood cluster (tract-based, 2000)                  
24    Cluster_tr2000_name      Char     80                   Neighborhood cluster names (tract-based, 2000)            
22    Geo2010                  Char     11    $GEO10A.       Full census tract ID (2010): ssccctttttt                  
 1    Nlihc_id                 Char      8                   Preservation Catalog project ID                           
51    ProgCat                  Num       8                                                                             
 6    Proj_Addre               Char    160                   Project main address                                      
19    Proj_Addre_old           Char    108                   Old project address from Access DB                        
 7    Proj_City                Char     80                   Project city                                              
 5    Proj_Name                Char     80                   Project name                                              
18    Proj_Name_old            Char     60                   Old project name from Access DB                           
 8    Proj_ST                  Char      2                   Project state                                             
12    Proj_Units_Assist_Max    Num       8                   Total assisted housing units in project (maximum)         
11    Proj_Units_Assist_Min    Num       8                   Total assisted housing units in project (minimum)         
10    Proj_Units_Tot           Num       8                   Total housing units in project                            
PRESCAT/Project_assisted_units.sas:  NeighborhoodInfo DC                                    23:28 Monday, April 27, 2015   2
File = PresCat.Project_assisted_units

The CONTENTS Procedure

                                      Alphabetic List of Variables and Attributes
 
 #    Variable                 Type    Len    Format         Label

 9    Proj_Zip                 Char      5                   Project ZIP code                                          
28    Proj_address_id          Num       8                   Project MAR address ID                                    
26    Proj_image_url           Char    255                   OCTO property image URL                                   
31    Proj_lat                 Num       8                   Project latitude                                          
32    Proj_lon                 Num       8                   Project longitude                                         
27    Proj_streetview_url      Char    255                   Google Street View URL                                    
29    Proj_x                   Num       8                   Project longitude (MD State Plane Coord., NAD 1983 meters)
30    Proj_y                   Num       8                   Project latitude (MD State Plane Coord., NAD 1983 meters) 
21    Psa2012                  Char      3    $PSA12A.       Police Service Area (2012)                                
 2    Status                   Char      1    $STATUS.       Project is active                                         
 3    Subsidized               Num       3    DYESNO.        Project is subsidized                                     
15    Subsidy_End_First        Num       8    MMDDYY10.      First subsidy end date                                    
16    Subsidy_End_Last         Num       8    MMDDYY10.      Last subsidy end date                                     
13    Subsidy_Start_First      Num       8    MMDDYY10.      First subsidy start date                                  
14    Subsidy_Start_Last       Num       8    MMDDYY10.      Last subsidy start date                                   
34    Update_Dtm               Num       8    DATETIME16.    Datetime of last project update                           
17    Ward2012                 Char      1    $WARD12A.      Ward (2012)                                               
25    Zip                      Char      5    $ZIPA.         ZIP code (5 digit)                                        
39    asst_units1              Num       8                                                                             
40    asst_units2              Num       8                                                                             
41    asst_units3              Num       8                                                                             
42    asst_units4              Num       8                                                                             
43    asst_units5              Num       8                                                                             
44    asst_units6              Num       8                                                                             
45    asst_units7              Num       8                                                                             
46    asst_units8              Num       8                                                                             
50    err_asst_units           Num       8                                                                             
38    max_asst_units           Num       8                                                                             
49    mid_asst_units           Num       8                                                                             
37    min_asst_units           Num       8                                                                             
35    num_progs                Num       8                                                                             
48    poa_end_max              Num       8    MMDDYY10.                                                                
47    poa_end_min              Num       8    MMDDYY10.                                                                
36    total_units              Num       8                                                                             


PRESCAT/Project_assisted_units.sas:  NeighborhoodInfo DC                                    23:28 Monday, April 27, 2015   3
File = PresCat.Project_assisted_units

The CONTENTS Procedure

       Sort Information

Sortedby       ProgCat Nlihc_id
Validated      YES             
Character Set  ANSI            
PRESCAT/Project_assisted_units.sas:  NeighborhoodInfo DC                                    23:28 Monday, April 27, 2015   4
File = PresCat.Project_assisted_units

The MEANS Procedure

Variable                   N             Sum            Mean         Std Dev         Minimum         Maximum
------------------------------------------------------------------------------------------------------------
Subsidized               329     329.0000000       1.0000000               0       1.0000000       1.0000000
Proj_Units_Tot           302        38585.00     127.7649007     118.2246343       4.0000000     717.0000000
Proj_Units_Assist_Min    329        33610.00     102.1580547     101.2685662       1.0000000     469.0000000
Proj_Units_Assist_Max    329        38602.00     117.3313070     115.0768419       1.0000000     717.0000000
Subsidy_Start_First      233      3313296.00        14220.15         3701.40         2677.00        19936.00
Subsidy_Start_Last       233      3728680.00        16002.92         2328.39         5326.00        19936.00
Subsidy_End_First        233      5409969.00        23218.75         4284.84        -7336.00        34515.00
Subsidy_End_Last         233      6177729.00        26513.86         4076.79        18317.00        34515.00
Proj_address_id          329     71851425.00       218393.39        97597.22         2323.00       904238.00
Proj_x                   329       131639475       400119.98         2808.09       391743.09       407297.09
Proj_y                   329     44852369.46       136329.39         3903.86       128300.07       144908.38
Proj_lat                 329        12796.39      38.8948077       0.0351663      38.8224804      38.9720913
Proj_lon                 329       -25332.55     -76.9986243       0.0323743     -77.0952556     -76.9158902
Bldg_count               329     574.0000000       1.7446809       5.3540938       1.0000000      82.0000000
Update_Dtm               329    572315312922      1739560222       0.0064171      1739560222      1739560222
num_progs                329     673.0000000       2.0455927       1.3392709       1.0000000       7.0000000
total_units              329        39786.00     120.9300912     116.5745259       1.0000000     717.0000000
min_asst_units           329        38423.00     116.7872340     114.6280984       1.0000000     717.0000000
max_asst_units           329        38672.00     117.5440729     115.0486590       1.0000000     717.0000000
asst_units1              329         9555.00      29.0425532      69.7736192               0     440.0000000
asst_units2              329         8728.00      26.5288754      64.6867210               0     406.0000000
asst_units3              329        16894.00      51.3495441      92.8000211               0     569.0000000
asst_units4              329         1726.00       5.2462006      30.2203825               0     409.0000000
asst_units5              329         4270.00      12.9787234      43.7654799               0     348.0000000
asst_units6              329         6455.00      19.6200608      65.1277241               0     717.0000000
asst_units7              329        10903.00      33.1398176      85.9878673               0     717.0000000
asst_units8              329        17137.00      52.0881459     106.6731737               0     717.0000000
poa_end_min              233      5437312.00        23336.10         4245.59        -7336.00        34515.00
poa_end_max              233      5437312.00        23336.10         4245.59        -7336.00        34515.00
mid_asst_units           329        38551.00     117.1762918     114.7732624       1.0000000     717.0000000
err_asst_units            12     121.0000000      10.0833333      18.1782004       1.0000000      66.0000000
ProgCat                  329         2076.00       6.3100304       3.7033179       1.0000000      10.0000000
------------------------------------------------------------------------------------------------------------
PRESCAT/Project_assisted_units.sas:  NeighborhoodInfo DC                                    23:28 Monday, April 27, 2015   5
File = PresCat.Project_assisted_units

The FREQ Procedure

                                    Cumulative    Cumulative
ProgCat    Frequency     Percent     Frequency      Percent
------------------------------------------------------------
      1          67       20.36            67        20.36  
      2          19        5.78            86        26.14  
      3          27        8.21           113        34.35  
      4           9        2.74           122        37.08  
      5          12        3.65           134        40.73  
      6          10        3.04           144        43.77  
      7          17        5.17           161        48.94  
      8           5        1.52           166        50.46  
      9          55       16.72           221        67.17  
     10         108       32.83           329       100.00  


                         Ward (2012)
 
                                     Cumulative    Cumulative
Ward2012    Frequency     Percent     Frequency      Percent
-------------------------------------------------------------
Ward 1            67       20.36            67        20.36  
Ward 2            18        5.47            85        25.84  
Ward 3             4        1.22            89        27.05  
Ward 4            20        6.08           109        33.13  
Ward 5            36       10.94           145        44.07  
Ward 6            50       15.20           195        59.27  
Ward 7            45       13.68           240        72.95  
Ward 8            89       27.05           329       100.00  
PRESCAT/Project_assisted_units.sas:  NeighborhoodInfo DC                                    23:28 Monday, April 27, 2015   6
File = PresCat.Project_assisted_units

The FREQ Procedure

            Full census tract ID (2010): ssccctttttt
 
                                        Cumulative    Cumulative
Geo2010        Frequency     Percent     Frequency      Percent
----------------------------------------------------------------
Tract 3               1        0.30             1         0.30  
Tract 10.01           2        0.61             3         0.91  
Tract 14.02           1        0.30             4         1.22  
Tract 18.04           2        0.61             6         1.82  
Tract 19.01           1        0.30             7         2.13  
Tract 20.01           2        0.61             9         2.74  
Tract 21.01           5        1.52            14         4.26  
Tract 22.01           1        0.30            15         4.56  
Tract 22.02           1        0.30            16         4.86  
Tract 23.01           1        0.30            17         5.17  
Tract 25.01           4        1.22            21         6.38  
Tract 25.02           3        0.91            24         7.29  
Tract 27.01           2        0.61            26         7.90  
Tract 27.02           4        1.22            30         9.12  
Tract 28.01           6        1.82            36        10.94  
Tract 28.02           6        1.82            42        12.77  
Tract 29              1        0.30            43        13.07  
Tract 30              6        1.82            49        14.89  
Tract 31              2        0.61            51        15.50  
Tract 32              3        0.91            54        16.41  
Tract 34              3        0.91            57        17.33  
Tract 35              4        1.22            61        18.54  
Tract 36              7        2.13            68        20.67  
Tract 37              9        2.74            77        23.40  
Tract 38              6        1.82            83        25.23  
Tract 40.02           2        0.61            85        25.84  
Tract 43              4        1.22            89        27.05  
Tract 44              3        0.91            92        27.96  
Tract 46              2        0.61            94        28.57  
Tract 47.01           8        2.43           102        31.00  
Tract 47.02           2        0.61           104        31.61  
Tract 48.01           1        0.30           105        31.91  
Tract 48.02           3        0.91           108        32.83  
Tract 49.01           5        1.52           113        34.35  
Tract 49.02           3        0.91           116        35.26  
Tract 50.01           1        0.30           117        35.56  
Tract 50.02           6        1.82           123        37.39  
Tract 52.01           4        1.22           127        38.60  
PRESCAT/Project_assisted_units.sas:  NeighborhoodInfo DC                                    23:28 Monday, April 27, 2015   7
File = PresCat.Project_assisted_units

The FREQ Procedure

            Full census tract ID (2010): ssccctttttt
 
                                        Cumulative    Cumulative
Geo2010        Frequency     Percent     Frequency      Percent
----------------------------------------------------------------
Tract 56              1        0.30           128        38.91  
Tract 58              1        0.30           129        39.21  
Tract 59              1        0.30           130        39.51  
Tract 64              5        1.52           135        41.03  
Tract 68.01           1        0.30           136        41.34  
Tract 69              2        0.61           138        41.95  
Tract 71              3        0.91           141        42.86  
Tract 72              7        2.13           148        44.98  
Tract 73.04           3        0.91           151        45.90  
Tract 74.01           4        1.22           155        47.11  
Tract 74.03           4        1.22           159        48.33  
Tract 74.04           5        1.52           164        49.85  
Tract 74.06           5        1.52           169        51.37  
Tract 74.07           4        1.22           173        52.58  
Tract 74.08           6        1.82           179        54.41  
Tract 74.09           8        2.43           187        56.84  
Tract 75.02           6        1.82           193        58.66  
Tract 75.03           4        1.22           197        59.88  
Tract 75.04           9        2.74           206        62.61  
Tract 76.01           2        0.61           208        63.22  
Tract 76.03           1        0.30           209        63.53  
Tract 76.04           3        0.91           212        64.44  
Tract 77.03           9        2.74           221        67.17  
Tract 77.07           2        0.61           223        67.78  
Tract 77.08           2        0.61           225        68.39  
Tract 77.09           1        0.30           226        68.69  
Tract 78.03           1        0.30           227        69.00  
Tract 78.04           4        1.22           231        70.21  
Tract 78.08           2        0.61           233        70.82  
Tract 78.09           2        0.61           235        71.43  
Tract 79.01           3        0.91           238        72.34  
Tract 80.02           1        0.30           239        72.64  
Tract 83.01           1        0.30           240        72.95  
Tract 84.02           2        0.61           242        73.56  
Tract 84.10           1        0.30           243        73.86  
Tract 87.01           1        0.30           244        74.16  
Tract 87.02           2        0.61           246        74.77  
Tract 88.02           3        0.91           249        75.68  
PRESCAT/Project_assisted_units.sas:  NeighborhoodInfo DC                                    23:28 Monday, April 27, 2015   8
File = PresCat.Project_assisted_units

The FREQ Procedure

            Full census tract ID (2010): ssccctttttt
 
                                        Cumulative    Cumulative
Geo2010        Frequency     Percent     Frequency      Percent
----------------------------------------------------------------
Tract 88.03           2        0.61           251        76.29  
Tract 89.03           2        0.61           253        76.90  
Tract 89.04           1        0.30           254        77.20  
Tract 90              6        1.82           260        79.03  
Tract 91.02           3        0.91           263        79.94  
Tract 92.01           1        0.30           264        80.24  
Tract 92.03           1        0.30           265        80.55  
Tract 92.04           4        1.22           269        81.76  
Tract 93.01           2        0.61           271        82.37  
Tract 93.02           2        0.61           273        82.98  
Tract 94              1        0.30           274        83.28  
Tract 95.01           1        0.30           275        83.59  
Tract 95.08           1        0.30           276        83.89  
Tract 96.01           1        0.30           277        84.19  
Tract 96.02           5        1.52           282        85.71  
Tract 96.03           2        0.61           284        86.32  
Tract 97              5        1.52           289        87.84  
Tract 98.01           2        0.61           291        88.45  
Tract 98.02           2        0.61           293        89.06  
Tract 98.03           5        1.52           298        90.58  
Tract 98.04           1        0.30           299        90.88  
Tract 98.07           1        0.30           300        91.19  
Tract 98.10           5        1.52           305        92.71  
Tract 98.11           6        1.82           311        94.53  
Tract 99.02           1        0.30           312        94.83  
Tract 99.03           2        0.61           314        95.44  
Tract 99.04           2        0.61           316        96.05  
Tract 99.05           1        0.30           317        96.35  
Tract 99.06           2        0.61           319        96.96  
Tract 99.07           2        0.61           321        97.57  
Tract 101             1        0.30           322        97.87  
Tract 104             1        0.30           323        98.18  
Tract 105             1        0.30           324        98.48  
Tract 106             2        0.61           326        99.09  
Tract 109             1        0.30           327        99.39  
Tract 110             1        0.30           328        99.70  
Tract 111             1        0.30           329       100.00  
PRESCAT/Project_assisted_units.sas:  NeighborhoodInfo DC                                    23:28 Monday, April 27, 2015   9

ProgCat=Public Housing only

         total_ min_asst_ mid_asst_ max_asst_ asst_  asst_  asst_  asst_  asst_  asst_  asst_  asst_  poa_end_ poa_end_
Nlihc_id units    units     units     units   units1 units2 units3 units4 units5 units6 units7 units8   min      max

NL000034    432     432       432       432      432      0      0      0      0      0      0      0        .        .
NL000043    274     274       274       274      274      0      0      0      0      0      0      0        .        .
NL000058     60      60        60        60       60      0      0      0      0      0      0      0        .        .
NL000071    343     343       343       343      343      0      0      0      0      0      0      0        .        .
NL000075     21      21        21        21       21      0      0      0      0      0      0      0        .        .
NL000078     23      23        23        23       23      0      0      0      0      0      0      0        .        .
NL000079     35      35        35        35       35      0      0      0      0      0      0      0        .        .
NL000097     20      20        20        20       20      0      0      0      0      0      0      0        .        .
NL000121    123     123       123       123      123      0      0      0      0      0      0      0        .        .
NL000129     51      51        51        51       51      0      0      0      0      0      0      0        .        .
NL000130    228     228       228       228      228      0      0      0      0      0      0      0        .        .
NL000145    278     278       278       278      278      0      0      0      0      0      0      0        .        .
NL000146    215     215       215       215      215      0      0      0      0      0      0      0        .        .
NL000150    193     193       193       193      193      0      0      0      0      0      0      0        .        .
NL000158    118     118       118       118      118      0      0      0      0      0      0      0        .        .
NL000161    158     158       158       158      158      0      0      0      0      0      0      0        .        .
NL000162    105     105       105       105      105      0      0      0      0      0      0      0        .        .
NL000173    141     141       141       141      141      0      0      0      0      0      0      0        .        .
NL000174    239     239       239       239      239      0      0      0      0      0      0      0        .        .
NL000177    271     271       271       271      271      0      0      0      0      0      0      0        .        .
NL000178    160     160       160       160      160      0      0      0      0      0      0      0        .        .
NL000181    290     290       290       290      290      0      0      0      0      0      0      0        .        .
NL000184    118     118       118       118      118      0      0      0      0      0      0      0        .        .
NL000188    122     122       122       122      122      0      0      0      0      0      0      0        .        .
NL000191    308     308       308       308      308      0      0      0      0      0      0      0        .        .
NL000192    124     124       124       124      124      0      0      0      0      0      0      0        .        .
NL000193    440     440       440       440      440      0      0      0      0      0      0      0        .        .
NL000194     20      20        20        20       20      0      0      0      0      0      0      0        .        .
NL000205     65      65        65        65       65      0      0      0      0      0      0      0        .        .
NL000219     13      13        13        13       13      0      0      0      0      0      0      0        .        .
NL000225    174     174       174       174      174      0      0      0      0      0      0      0        .        .
NL000244    208     208       208       208      208      0      0      0      0      0      0      0        .        .
NL000245    144     144       144       144      144      0      0      0      0      0      0      0        .        .
NL000248    160     160       160       160      160      0      0      0      0      0      0      0        .        .
NL000249    190     190       190       190      190      0      0      0      0      0      0      0        .        .
NL000268    246     246       246       246      246      0      0      0      0      0      0      0        .        .
NL000282    158     158       158       158      158      0      0      0      0      0      0      0        .        .
NL000287     28      28        28        28       28      0      0      0      0      0      0      0        .        .
NL000289    174     174       174       174      174      0      0      0      0      0      0      0        .        .
NL000302     20      20        20        20       20      0      0      0      0      0      0      0        .        .
NL000317     12      12        12        12       12      0      0      0      0      0      0      0        .        .
PRESCAT/Project_assisted_units.sas:  NeighborhoodInfo DC                                    23:28 Monday, April 27, 2015  10

ProgCat=Public Housing only
(continued)

         total_ min_asst_ mid_asst_ max_asst_ asst_  asst_  asst_  asst_  asst_  asst_  asst_  asst_  poa_end_ poa_end_
Nlihc_id units    units     units     units   units1 units2 units3 units4 units5 units6 units7 units8   min      max

NL000333    234     234       234       234      234      0      0      0      0      0      0      0        .        .
NL000375     51      51        51        51       51      0      0      0      0      0      0      0        .        .
NL000389     46      46        46        46       46      0      0      0      0      0      0      0        .        .
NL000390     12      12        12        12       12      0      0      0      0      0      0      0        .        .
NL000391     13      13        13        13       13      0      0      0      0      0      0      0        .        .
NL000392     11      11        11        11       11      0      0      0      0      0      0      0        .        .
NL000393     46      46        46        46       46      0      0      0      0      0      0      0        .        .
NL000397     50      50        50        50       50      0      0      0      0      0      0      0        .        .
NL000398     37      37        37        37       37      0      0      0      0      0      0      0        .        .
NL000399     37      37        37        37       37      0      0      0      0      0      0      0        .        .
NL000400     40      40        40        40       40      0      0      0      0      0      0      0        .        .
NL000401     52      52        52        52       52      0      0      0      0      0      0      0        .        .
NL000402     11      11        11        11       11      0      0      0      0      0      0      0        .        .
NL000403     12      12        12        12       12      0      0      0      0      0      0      0        .        .
NL000404     12      12        12        12       12      0      0      0      0      0      0      0        .        .
NL000405      4       4         4         4        4      0      0      0      0      0      0      0        .        .
NL000407     15      15        15        15       15      0      0      0      0      0      0      0        .        .
NL000408     10      10        10        10       10      0      0      0      0      0      0      0        .        .
NL000409     15      15        15        15       15      0      0      0      0      0      0      0        .        .
NL000410      1       1         1         1        1      0      0      0      0      0      0      0        .        .
NL000411     28      28        28        28       28      0      0      0      0      0      0      0        .        .
NL000412     16      16        16        16       16      0      0      0      0      0      0      0        .        .
NL000415     15      15        15        15       15      0      0      0      0      0      0      0        .        .
NL000418     12      12        12        12       12      0      0      0      0      0      0      0        .        .
NL001007     20      20        20        20       20      0      0      0      0      0      0      0        .        .
NL001009     47      47        47        47       47      0      0      0      0      0      0      0        .        .
-------- ------ --------- --------- --------- ------ ------ ------ ------ ------ ------ ------ ------
ProgCat   7,349   7,349     7,349     7,349    7,349      0      0      0      0      0      0      0                  

Projects = 67
PRESCAT/Project_assisted_units.sas:  NeighborhoodInfo DC                                    23:28 Monday, April 27, 2015  11

ProgCat=Section 8 only

         total_ min_asst_ mid_asst_ max_asst_ asst_  asst_  asst_  asst_  asst_  asst_  asst_  asst_  poa_end_ poa_end_
Nlihc_id units    units     units     units   units1 units2 units3 units4 units5 units6 units7 units8   min      max

NL000036     26      18        18        18        0     18      0      0      0      0      0      0 04/30/21 04/30/21
NL000038     97      97        97        97        0     97      0      0      0      0      0      0 08/31/16 08/31/16
NL000040    281     193       193       193        0    193      0      0      0      0      0      0 11/30/14 11/30/14
NL000057    133      40        40        40        0     40      0      0      0      0      0      0 07/07/17 07/07/17
NL000111    187     187       187       187        0    187      0      0      0      0      0      0 09/30/31 09/30/31
NL000112    177     176       176       176        0    176      0      0      0      0      0      0 09/30/30 09/30/30
NL000113    306     304       304       304        0    304      0      0      0      0      0      0 10/31/31 10/31/31
NL000116    100     100       100       100        0    100      0      0      0      0      0      0 04/27/19 04/27/19
NL000206     30      30        30        30        0     30      0      0      0      0      0      0 05/31/17 05/31/17
NL000222    261     261       261       261        0    261      0      0      0      0      0      0 09/30/15 09/30/15
NL000224    123     122       122       122        0    122      0      0      0      0      0      0 07/31/19 07/31/19
NL000226    150     150       150       150        0    150      0      0      0      0      0      0 09/18/31 09/18/31
NL000252     42      42        42        42        0     42      0      0      0      0      0      0 01/31/17 01/31/17
NL000275    107      36        36        36        0     36      0      0      0      0      0      0 04/30/17 04/30/17
NL000283     46      46        46        46        0     46      0      0      0      0      0      0 09/30/17 09/30/17
NL000288    233     149       149       149        0    149      0      0      0      0      0      0 02/28/15 02/28/15
NL000290     56      56        56        56        0     56      0      0      0      0      0      0 07/31/14 07/31/14
NL000316     18      18        18        18        0     18      0      0      0      0      0      0 10/31/22 10/31/22
NL000319    152     152       152       152        0    152      0      0      0      0      0      0 11/30/15 11/30/15
-------- ------ --------- --------- --------- ------ ------ ------ ------ ------ ------ ------ ------
ProgCat   2,525   2,177     2,177     2,177        0  2,177      0      0      0      0      0      0                  

Projects = 19


ProgCat=LIHTC only

         total_ min_asst_ mid_asst_ max_asst_ asst_  asst_  asst_  asst_  asst_  asst_  asst_  asst_  poa_end_ poa_end_
Nlihc_id units    units     units     units   units1 units2 units3 units4 units5 units6 units7 units8   min      max

NL000044    126     126       126       126        0      0    126      0      0      0      0      0 01/01/34 01/01/34
NL000099     77      77        77        77        0      0     77      0      0      0      0      0 01/01/34 01/01/34
NL000123    158      33        33        33        0      0     33      0      0      0      0      0 01/01/20 01/01/20
NL000128     94      94        94        94        0      0     94      0      0      0      0      0 01/01/30 01/01/30
NL000180    172     172       172       172        0      0    172      0      0      0      0      0 01/01/36 01/01/36
NL000197    392     392       392       392        0      0    392      0      0      0      0      0 01/01/32 01/01/32
NL000209     94      94        94        94        0      0     94      0      0      0      0      0 01/01/26 01/01/26
NL000229    128     128       128       128        0      0    128      0      0      0      0      0 01/01/22 01/01/22
PRESCAT/Project_assisted_units.sas:  NeighborhoodInfo DC                                    23:28 Monday, April 27, 2015  12

ProgCat=LIHTC only
(continued)

         total_ min_asst_ mid_asst_ max_asst_ asst_  asst_  asst_  asst_  asst_  asst_  asst_  asst_  poa_end_ poa_end_
Nlihc_id units    units     units     units   units1 units2 units3 units4 units5 units6 units7 units8   min      max

NL000234    266     266       266       266        0      0    266      0      0      0      0      0 01/01/32 01/01/32
NL000238    160     160       160       160        0      0    160      0      0      0      0      0 01/01/30 01/01/30
NL000239     79      79        79        79        0      0     79      0      0      0      0      0 01/01/30 01/01/30
NL000240     59      59        59        59        0      0     59      0      0      0      0      0 01/01/30 01/01/30
NL000241     78      78        78        78        0      0     78      0      0      0      0      0 01/01/30 01/01/30
NL000272    105     105       105       105        0      0    105      0      0      0      0      0 01/01/25 01/01/25
NL000285     91      91        91        91        0      0     91      0      0      0      0      0        .        .
NL000292     60      60        60        60        0      0     60      0      0      0      0      0 01/01/23 01/01/23
NL000305     64      64        64        64        0      0     64      0      0      0      0      0 01/01/26 01/01/26
NL000322     80      80        80        80        0      0     80      0      0      0      0      0 01/01/32 01/01/32
NL000330     35      35        35        35        0      0     35      0      0      0      0      0 01/01/23 01/01/23
NL000995    230     230       230       230        0      0    230      0      0      0      0      0 01/01/25 01/01/25
NL000996    347     347       347       347        0      0    347      0      0      0      0      0 01/01/25 01/01/25
NL000997     26      26        26        26        0      0     26      0      0      0      0      0 01/01/33 01/01/33
NL000998     36      36        36        36        0      0     36      0      0      0      0      0 01/01/33 01/01/33
NL001001    110     110       110       110        0      0    110      0      0      0      0      0 01/01/29 01/01/29
NL001003    202     202       202       202        0      0    202      0      0      0      0      0 01/01/36 01/01/36
NL001019    138     138       138       138        0      0    138      0      0      0      0      0 01/01/37 01/01/37
NL001020     12      12        12        12        0      0     12      0      0      0      0      0 01/01/38 01/01/38
-------- ------ --------- --------- --------- ------ ------ ------ ------ ------ ------ ------ ------
ProgCat   3,419   3,294     3,294     3,294        0      0  3,294      0      0      0      0      0                  

Projects = 27


ProgCat=HOME only

         total_ min_asst_ mid_asst_ max_asst_ asst_  asst_  asst_  asst_  asst_  asst_  asst_  asst_  poa_end_ poa_end_
Nlihc_id units    units     units     units   units1 units2 units3 units4 units5 units6 units7 units8   min      max

NL000004     31      25        25        25        0      0      0     25      0      0      0      0 05/06/20 05/06/20
NL000020     11      11        11        11        0      0      0     11      0      0      0      0 06/16/20 06/16/20
NL000093      6       6         6         6        0      0      0      6      0      0      0      0 02/24/10 02/24/10
NL000139      8       8         8         8        0      0      0      8      0      0      0      0 03/31/15 03/31/15
NL000336     11      11        11        11        0      0      0     11      0      0      0      0 06/12/12 06/12/12
NL000338    212      10        10        10        0      0      0     10      0      0      0      0 05/06/20 05/06/20
NL000339      8       8         8         8        0      0      0      8      0      0      0      0 05/06/20 05/06/20
PRESCAT/Project_assisted_units.sas:  NeighborhoodInfo DC                                    23:28 Monday, April 27, 2015  13

ProgCat=HOME only
(continued)

         total_ min_asst_ mid_asst_ max_asst_ asst_  asst_  asst_  asst_  asst_  asst_  asst_  asst_  poa_end_ poa_end_
Nlihc_id units    units     units     units   units1 units2 units3 units4 units5 units6 units7 units8   min      max

NL000340     32      32        32        32        0      0      0     32      0      0      0      0 05/10/20 05/10/20
NL000350     48      48        48        48        0      0      0     48      0      0      0      0        .        .
-------- ------ --------- --------- --------- ------ ------ ------ ------ ------ ------ ------ ------
ProgCat     367     159       159       159        0      0      0    159      0      0      0      0                  

Projects = 9


ProgCat=CDBG only

         total_ min_asst_ mid_asst_ max_asst_ asst_  asst_  asst_  asst_  asst_  asst_  asst_  asst_  poa_end_ poa_end_
Nlihc_id units    units     units     units   units1 units2 units3 units4 units5 units6 units7 units8   min      max

NL000014     36      36        36        36        0      0      0      0     36      0      0      0        .        .
NL000015     34      34        34        34        0      0      0      0     34      0      0      0        .        .
NL000032    348     348       348       348        0      0      0      0    348      0      0      0 09/01/20 09/01/20
NL000140     38      38        38        38        0      0      0      0     38      0      0      0 09/01/25 09/01/25
NL000348      6       6         6         6        0      0      0      0      6      0      0      0 12/30/25 12/30/25
NL000364      5       5         5         5        0      0      0      0      5      0      0      0        .        .
NL000365     39      39        39        39        0      0      0      0     39      0      0      0        .        .
NL000367     26      26        26        26        0      0      0      0     26      0      0      0 03/01/24 03/01/24
NL000368     19      19        19        19        0      0      0      0     19      0      0      0 12/01/20 12/01/20
NL000372      4       4         4         4        0      0      0      0      4      0      0      0        .        .
NL000378     27      27        27        27        0      0      0      0     27      0      0      0        .        .
NL000379     13      13        13        13        0      0      0      0     13      0      0      0        .        .
-------- ------ --------- --------- --------- ------ ------ ------ ------ ------ ------ ------ ------
ProgCat     595     595       595       595        0      0      0      0    595      0      0      0                  

Projects = 12


ProgCat=HPTF only

         total_ min_asst_ mid_asst_ max_asst_ asst_  asst_  asst_  asst_  asst_  asst_  asst_  asst_  poa_end_ poa_end_
Nlihc_id units    units     units     units   units1 units2 units3 units4 units5 units6 units7 units8   min      max

NL000008      6       6         6         6        0      0      0      0      0      6      0      0        .        .
PRESCAT/Project_assisted_units.sas:  NeighborhoodInfo DC                                    23:28 Monday, April 27, 2015  14

ProgCat=HPTF only
(continued)

         total_ min_asst_ mid_asst_ max_asst_ asst_  asst_  asst_  asst_  asst_  asst_  asst_  asst_  poa_end_ poa_end_
Nlihc_id units    units     units     units   units1 units2 units3 units4 units5 units6 units7 units8   min      max

NL000017      6       6         6         6        0      0      0      0      0      6      0      0 04/01/46 04/01/46
NL000211      6       6         6         6        0      0      0      0      0      6      0      0 03/02/46 03/02/46
NL000257     30      30        30        30        0      0      0      0      0     30      0      0 03/01/46 03/01/46
NL000265     36      36        36        36        0      0      0      0      0     36      0      0        .        .
NL000344     74      74        74        74        0      0      0      0      0     74      0      0        .        .
NL000347     14      14        14        14        0      0      0      0      0     14      0      0        .        .
NL000357     46      45        45        45        0      0      0      0      0     45      0      0        .        .
NL000369     13      13        13        13        0      0      0      0      0     13      0      0 03/01/44 03/01/44
NL000374     13      13        13        13        0      0      0      0      0     13      0      0 11/01/47 11/01/47
-------- ------ --------- --------- --------- ------ ------ ------ ------ ------ ------ ------ ------
ProgCat     244     243       243       243        0      0      0      0      0    243      0      0                  

Projects = 10


ProgCat=All other combinations

         total_ min_asst_ mid_asst_ max_asst_ asst_  asst_  asst_  asst_  asst_  asst_  asst_  asst_  poa_end_ poa_end_
Nlihc_id units    units     units     units   units1 units2 units3 units4 units5 units6 units7 units8   min      max

NL000055     93      93        93        93        0      0      0      0      0      0      0     93 04/01/15 04/01/15
NL000094     31      31        31        31        0      0      0      0      0      0      0     31 06/01/12 06/01/12
NL000179     54      54        54        54        0      0      0      0      0      0      0     54 11/01/16 11/01/16
NL000291    212     212       212       212        0      0      0      0      0      0      0    212 01/01/22 01/01/22
NL001005    160     160       160       160        0      0      0      0      0      0      0    160 09/30/27 09/30/27
NL001010     49      49        49        49        0      0      0      0      0      0      0     49 08/01/34 08/01/34
NL001011     64      64        64        64        0      0      0      0      0      0      0     64 07/01/14 07/01/14
NL001012    469     469       469       469        0      0      0      0      0      0      0    469 05/01/53 05/01/53
NL001013    218     218       218       218        0      0      0      0      0      0      0    218 01/01/52 01/01/52
NL001014    250     250       250       250        0      0      0      0      0      0      0    250 01/01/43 01/01/43
NL001015    144     144       144       144        0      0      0      0      0      0      0    144 08/01/36 08/01/36
NL001016    257     257       257       257        0      0      0      0      0      0      0    257 11/01/52 11/01/52
NL001017    300     300       300       300        0      0      0      0      0      0      0    300 02/01/25 02/01/25
NL001018    164     164       164       164        0      0      0      0      0      0      0    164 03/01/39 03/01/39
NL001021    315     315       315       315        0      0      0      0      0      0      0    315 07/01/54 07/01/54
NL001022    344     344       344       344        0      0      0      0      0      0      0    344 03/01/51 03/01/51
NL001023     90      90        90        90        0      0      0      0      0      0      0     90 09/01/46 09/01/46
PRESCAT/Project_assisted_units.sas:  NeighborhoodInfo DC                                    23:28 Monday, April 27, 2015  15

ProgCat=All other combinations
(continued)

         total_ min_asst_ mid_asst_ max_asst_ asst_  asst_  asst_  asst_  asst_  asst_  asst_  asst_  poa_end_ poa_end_
Nlihc_id units    units     units     units   units1 units2 units3 units4 units5 units6 units7 units8   min      max

-------- ------ --------- --------- --------- ------ ------ ------ ------ ------ ------ ------ ------
ProgCat   3,214   3,214     3,214     3,214        0      0      0      0      0      0      0  3,214                  

Projects = 17


ProgCat=LIHTC and Tax Exempt Bond only

         total_ min_asst_ mid_asst_ max_asst_ asst_  asst_  asst_  asst_  asst_  asst_  asst_  asst_  poa_end_ poa_end_
Nlihc_id units    units     units     units   units1 units2 units3 units4 units5 units6 units7 units8   min      max

NL000027    105     105       105       105        0      0    105      0      0      0    105      0 07/01/15 07/01/15
NL000109    549     549       549       549        0      0    413      0      0      0    549      0 01/01/15 01/01/15
NL000119    136     136       136       136        0      0    136      0      0      0    136      0 03/01/15 03/01/15
NL000315    180     180       180       180        0      0    180      0      0      0    180      0 12/01/39 12/01/39
NL000999    285     152       219       285        0      0    152      0      0      0    152      0 11/01/17 11/01/17
-------- ------ --------- --------- --------- ------ ------ ------ ------ ------ ------ ------ ------
ProgCat   1,255   1,122     1,189     1,255        0      0    986      0      0      0  1,122      0                  

Projects = 5


ProgCat=Section 8 and other subsidies

         total_ min_asst_ mid_asst_ max_asst_ asst_  asst_  asst_  asst_  asst_  asst_  asst_  asst_  poa_end_ poa_end_
Nlihc_id units    units     units     units   units1 units2 units3 units4 units5 units6 units7 units8   min      max

NL000001    137     136       137       137        0     50    136      0      0    119    119    136 03/01/20 03/01/20
NL000028    108     108       108       108        0    108      0      0      0      0      0    108 06/30/24 06/30/24
NL000029    196     196       196       196        0    196    196      0      0      0      0    196 01/01/19 01/01/19
NL000031     92      92        92        92        0     18     74      0      0      0     92     91 07/01/17 07/01/17
NL000039    148     148       148       148        0    148      0      0      0      0      0    148 05/31/25 05/31/25
NL000041     86      86        86        86        0     86     86      0      0      0      0      0 01/01/27 01/01/27
NL000046    535     535       535       535        0    333      0      0      0      0      0    535 09/30/15 09/30/15
NL000047    171     171       171       171        0    170      0      0      0      0      0    171 08/31/30 08/31/30
NL000052    204     204       204       204        0    204      0      0      0      0      0    204 02/29/32 02/29/32
NL000060     95      95        95        95        0     95      0      0      0      0      0     95 12/31/25 12/31/25
PRESCAT/Project_assisted_units.sas:  NeighborhoodInfo DC                                    23:28 Monday, April 27, 2015  16

ProgCat=Section 8 and other subsidies
(continued)

         total_ min_asst_ mid_asst_ max_asst_ asst_  asst_  asst_  asst_  asst_  asst_  asst_  asst_  poa_end_ poa_end_
Nlihc_id units    units     units     units   units1 units2 units3 units4 units5 units6 units7 units8   min      max

NL000065    239     233       236       239        0    230    233      0    230      0    230    230 10/31/14 10/31/14
NL000077    406     406       406       406        0    406    406      0      0      0    406    406 01/01/17 01/01/17
NL000080    163     163       163       163        0    162    163      0      0      0    163    163 08/02/14 08/02/14
NL000081    214     214       214       214        0    214    214      0      0      0    214      0 11/04/19 11/04/19
NL000091    292     114       127       140        0    114      0     26      0      0      0      0 01/07/15 01/07/15
NL000092    382     382       382       382        0    103    382      0      0      0      0    258 01/31/22 01/31/22
NL000096    152     152       152       152        0     12    151    151      0      0    151    152 11/01/11 11/01/11
NL000101     80      80        80        80        0     80     79      0      0      0     80      0 07/01/17 07/01/17
NL000102    112     112       112       112        0    111    112      0      0      0    112      0 03/30/25 03/30/25
NL000103    205     205       205       205        0     96    205      0      0    205    205    205 02/01/19 02/01/19
NL000114     76      76        76        76        0     76      0      0      0      0      0     76 04/01/14 04/01/14
NL000117    152     152       152       152        0    150      0      0      0      0      0    152 11/30/20 11/30/20
NL000120    199     182       191       199        0     40      0      0      0    182      0    199 08/31/15 08/31/15
NL000126     84      84        84        84        0     84     83      0     84      0     84      0 03/01/22 03/01/22
NL000127     94      94        94        94        0     93     94      0      0      0     94     94 09/01/14 09/01/14
NL000133    219     219       219       219        0    122    217      0      0      0    217    219 07/31/34 07/31/34
NL000135     55      55        55        55        0     45      0      0      0      0      0     55 11/30/14 11/30/14
NL000136    184     184       184       184        0    183    183    183      0    184    184    183 08/01/22 08/01/22
NL000152     48      48        48        48        0     35      0      0      0      0      0     48 12/31/14 12/31/14
NL000164    204     202       203       204        0    202    202      0    202      0    202      0 11/30/22 11/30/22
NL000170     60      60        60        60        0     60      0      0      0      0      0     60 10/31/26 10/31/26
NL000185     18      18        18        18        0     18      0      0      0     18      0      0 09/09/15 09/09/15
NL000186    129     129       129       129        0     25      0      0      0      0      0    129 12/01/10 12/01/10
NL000190    118     118       118       118        0    118    118      0      0    114      0      0 12/31/28 12/31/28
NL000195    108     108       108       108        0     82      0      0      0      0      0    108 12/31/33 12/31/33
NL000202    569     569       569       569        0    320    569    409      0    410    409    569 07/01/14 07/01/14
NL000208    302     302       302       302        0    302      0      0      0      0      0    302 10/01/14 10/01/14
NL000216    162     162       162       162        0     48      0      0      0      0      0    162 08/31/14 08/31/14
NL000217    145     145       145       145        0     46      0      0      0      0      0    145 11/29/14 11/29/14
NL000218     51      51        51        51        0     50      0      0      0      0      0     51 09/07/14 09/07/14
NL000228     94      94        94        94        0     94      0      0      0      0      0     94 11/30/24 11/30/24
NL000243     48      48        48        48        0     48      0      0      0      0      0     48 02/28/15 02/28/15
NL000261    190     190       190       190        0    124    190     30      0      0      0      0 06/30/15 06/30/15
NL000262     61      61        61        61        0     12      0      0      0     61      0     61 03/01/14 03/01/14
NL000271    255     255       255       255        0    255      0      0      0      0      0    255 04/30/23 04/30/23
NL000273    159     159       159       159        0    159     98      0     98     98     97      0 04/30/23 04/30/23
NL000280    399     122       122       122        0    122      0      0      0      0      0      0 03/31/16 03/31/16
NL000284    109     107       108       109        0     22      0      0      0      0      0    107 01/01/12 01/01/12
NL000295     21      21        21        21        0     21      0      0     21      0      0      0 04/01/24 04/01/24
NL000297    100      72        86       100        0     72      0      0      0      0      0     72 03/31/18 03/31/18
PRESCAT/Project_assisted_units.sas:  NeighborhoodInfo DC                                    23:28 Monday, April 27, 2015  17

ProgCat=Section 8 and other subsidies
(continued)

         total_ min_asst_ mid_asst_ max_asst_ asst_  asst_  asst_  asst_  asst_  asst_  asst_  asst_  poa_end_ poa_end_
Nlihc_id units    units     units     units   units1 units2 units3 units4 units5 units6 units7 units8   min      max

NL000298    167     167       167       167        0     50    167      0      0      0    167    141 10/01/18 10/01/18
NL000309    122     122       122       122        0    122    122      0    122      0    122    122 03/01/18 03/01/18
NL000310    284     284       284       284        0    284    284      0      0      0      0      0 01/01/26 01/01/26
NL000329    118     118       118       118        4    112    118      0    118    118    118      0 03/02/30 03/02/30
NL000342    102     102       102       102        0     19      0      0    102      0      0      0 01/31/18 01/31/18
-------- ------ --------- --------- --------- ------ ------ ------ ------ ------ ------ ------ ------
ProgCat   9,223   8,712     8,754     8,794        4  6,551  4,882    799    977  1,509  3,466  6,550                  

Projects = 55


ProgCat=All other combinations

         total_ min_asst_ mid_asst_ max_asst_ asst_  asst_  asst_  asst_  asst_  asst_  asst_  asst_  poa_end_ poa_end_
Nlihc_id units    units     units     units   units1 units2 units3 units4 units5 units6 units7 units8   min      max

NL000006     15      15        15        15        0      0     15      0      0      0      0      0 01/01/34 01/01/34
NL000010      4       4         4         4        4      0      0      0      0      4      0      0 09/01/44 09/01/44
NL000016     16      16        16        16        0      0      0      0     16      0     16     16 06/01/15 06/01/15
NL000021     96      96        96        96        0      0      0      0      0     95      0     96 10/20/31 10/20/31
NL000023     12      12        12        12        0      0      0      0      0      0      0     12 12/20/14 12/20/14
NL000026    147     147       147       147        0      0      0      0      0      0      0    147 12/01/22 12/01/22
NL000033    126     126       126       126       50      0    124      0      0    126    124      0 04/01/16 04/01/16
NL000037    275     275       275       275        0      0    273      0      0      0    275    275 01/01/18 01/01/18
NL000045    126     126       126       126        0      0    126      0      0    126    126    126 12/01/19 12/01/19
NL000048     40      40        40        40        0      0      0      0      0      0      0     40 04/30/15 04/30/15
NL000050     86      86        86        86       61      0     86      0     86      0     86      0 01/01/36 01/01/36
NL000054    648     648       648       648        0      0    422      0      0      0    422    648 08/01/17 08/01/17
NL000061    312     312       312       312        0      0    312      0      0    312    312    312 01/01/16 01/01/16
NL000064     40      40        40        40        0      0      0      0      0      0      0     40 03/31/17 03/31/17
NL000066     15      15        15        15       15      0     15      0     15      0     15     15 11/30/18 11/30/18
NL000069      6       6         6         6        0      0      0      0      0      0      0      6 04/20/16 04/20/16
NL000070     20      20        20        20        0      0      0      0      0      0      0     20 02/01/15 02/01/15
NL000074     58      57        57        57        0      0      0      0      0      0      0     57 09/30/15 09/30/15
NL000076     36      36        36        36        0      0      0      0      0     36      0     36 11/01/27 11/01/27
NL000082    149     149       149       149        0      0      0      0      0      0      0    149 04/01/21 04/01/21
NL000083    185     185       185       185        0      0    185      0    182      0    182    182 07/01/17 07/01/17
PRESCAT/Project_assisted_units.sas:  NeighborhoodInfo DC                                    23:28 Monday, April 27, 2015  18

ProgCat=All other combinations
(continued)

         total_ min_asst_ mid_asst_ max_asst_ asst_  asst_  asst_  asst_  asst_  asst_  asst_  asst_  poa_end_ poa_end_
Nlihc_id units    units     units     units   units1 units2 units3 units4 units5 units6 units7 units8   min      max

NL000084     45      45        45        45        0      0      0     45      0      0      0     45 03/31/15 03/31/15
NL000085     64      61        63        64        0      0     61      0     61     61     61      0        .        .
NL000089     42      42        42        42        0      0     42      0     42      0      0      0 01/01/29 01/01/29
NL000106    134     134       134       134      134      0    134     50      0      0      0      0 07/18/21 07/18/21
NL000110    120     120       120       120      120      0     33      0      0      0      0      0        .        .
NL000115     15      15        15        15       13      0      0      0      0     15      0      0 07/01/46 07/01/46
NL000138    119     119       119       119        0      0    119      0    119      0    119    119 10/01/18 10/01/18
NL000142     10      10        10        10        0      0      0      0      0      0      0     10 06/12/18 06/12/18
NL000147    470     470       470       470        0      0    470      0      0      0      0    469 01/01/27 01/01/27
NL000148    104     104       104       104      103      0    104      0      0    103      0      0 01/01/37 01/01/37
NL000151     29      29        29        29        0      0     29      0     29      0     29     29 01/02/17 01/02/17
NL000153    157     157       157       157        0      0    157      0      0      0    156    156 01/01/37 01/01/37
NL000154    124     124       124       124        0      0    124      0      0      0    124    124 01/01/34 01/01/34
NL000157    208     208       208       208      208      0      0      0      0     30      0      0        .        .
NL000159     13      13        13        13        0      0      0      0      0     13      0      0 09/01/45 09/01/45
NL000163     45      45        45        45        0      0     43     45      0     43      0      0 07/31/00 07/31/00
NL000166    214     214       214       214        0      0    214      0    214      0    214    214 09/01/17 09/01/17
NL000169     21      21        21        21       21      0      0      0      0     21      0      0 02/01/45 02/01/45
NL000171     74      74        74        74       74      0     74      0      0     74     74     74 11/04/20 11/04/20
NL000175     55      55        55        55        0      0      0      0      0      0      0     55 05/15/31 05/15/31
NL000176    118     118       118       118        0      0    118      0      0    118      0      0 01/01/38 01/01/38
NL000183     15      15        15        15        0      0      0      0      0      0      0     15 02/28/17 02/28/17
NL000200      7       7         7         7        0      0      0      0      0      0      0      7 05/31/15 05/31/15
NL000204     35      35        35        35       34      0     35      0     34      0     34     34 11/01/17 11/01/17
NL000215     69      69        69        69        0      0      0      0      0     69      0     68 01/31/15 01/31/15
NL000220     25      25        25        25        0      0      0      0      0      0      0     25 07/31/15 07/31/15
NL000221    227     227       227       227       30      0    226      0    227      0      0    227 05/01/25 05/01/25
NL000227    360     360       360       360        0      0      0      0      0    360      0    357 04/01/07 04/01/07
NL000232    201     201       201       201      201      0    135      0      0    135    135      0        .        .
NL000235     13      13        13        13        0      0      0     13     13      0      0      0 07/07/20 07/07/20
NL000236     78      78        78        78        0      0     78      0     78      0     78     78 11/01/15 11/01/15
NL000237     74      74        74        74        0      0     74      0     74      0     74     74 11/01/15 11/01/15
NL000242    117     117       117       117        0      0      0    117      0    115      0      0 05/09/10 05/09/10
NL000247     60      60        60        60        0      0      0      0     60      0      0      0        .        .
NL000251     20      13        17        20        0      0      0      0     13      0      0     13 06/30/12 06/30/12
NL000253     69      68        69        69        0      0      0      0      0      0      0     69 02/01/30 02/01/30
NL000255    224     224       224       224        0      0    224      0      0      0    224    222 09/01/15 09/01/15
NL000259    175     175       175       175        0      0      0      0      0    175      0    175 06/01/21 06/01/21
NL000260    100     100       100       100        0      0    100      0    100      0    100    100 04/01/21 04/01/21
NL000264    162     162       162       162      162      0    162      0    162    162    162      0 01/01/36 01/01/36
PRESCAT/Project_assisted_units.sas:  NeighborhoodInfo DC                                    23:28 Monday, April 27, 2015  19

ProgCat=All other combinations
(continued)

         total_ min_asst_ mid_asst_ max_asst_ asst_  asst_  asst_  asst_  asst_  asst_  asst_  asst_  poa_end_ poa_end_
Nlihc_id units    units     units     units   units1 units2 units3 units4 units5 units6 units7 units8   min      max

NL000266     95      94        95        95       90      0     94      0      0     95      0      0 01/01/19 01/01/19
NL000267    249     237       243       249        0      0    237      0      0    237    237      0 01/01/36 01/01/36
NL000270     20      20        20        20       20      0      0      0     16      0      0      0 09/01/27 09/01/27
NL000274    159     159       159       159        0      0    159      0    159    159    159      0 01/01/37 01/01/37
NL000276     56      56        56        56       49      0     56     56      0     56     56     56 05/07/10 05/07/10
NL000277    140     140       140       140        0      0      0      0      0      0      0    140 03/22/15 03/22/15
NL000279    378     378       378       378        0      0    378      0      0      0    372    378 04/01/15 04/01/15
NL000286     21      20        20        20        0      0      0      0      0      0      0     20 10/31/18 10/31/18
NL000293     14      14        14        14        0      0      0      0      0      0      0     14 04/01/22 04/01/22
NL000296     13      13        13        13        0      0      0      0      0      0      0     13 02/28/18 02/28/18
NL000301    200     200       200       200       38      0    127      0    200      0    200     73 12/01/12 12/01/12
NL000303     34      34        34        34        0      0     34      0     34      0     34      0        .        .
NL000304    717     717       717       717        0      0    144      0      0    717    717    717 01/01/36 01/01/36
NL000306    259     259       259       259        0      0    259      0    259    259    259      0 12/01/17 12/01/17
NL000311     45      44        44        44        0      0      0      0      0      0      0     44 09/30/20 09/30/20
NL000312     72      72        72        72       13      0     56      0     65     65     65     72 09/03/18 09/03/18
NL000320     28      28        28        28        0      0     28      0      0      0     28     28 09/24/14 09/24/14
NL000325    202     202       202       202       83      0    202      0      0      0      0      0 01/01/33 01/01/33
NL000326    127     127       127       127        0      0    127    127      0    127    127    127 07/18/26 07/18/26
NL000327    180     180       180       180      148      0    148    180      0      0      0      0 08/01/10 08/01/10
NL000334      6       6         6         6        0      0      0      0      0      6      0      6 10/01/23 10/01/23
NL000335    176     176       176       176        0      0    176      0    176      0    176    176 03/01/17 03/01/17
NL000337     26      26        26        26        6      0      0     26      0      0      0      0 05/26/15 05/26/15
NL000343    130     124       127       130        0      0    124      0      0    124    124      0 09/28/37 09/28/37
NL000349     23      23        23        23        9      0      0      0      0     23      0      0        .        .
NL000351     75      75        75        75        0      0      0     75      0      0      0     75 08/31/15 08/31/15
NL000352     70      70        70        70        0      0     70      0      0     70     70      0        .        .
NL000353     42      42        42        42        0      0     42      0      0     42      0      0 08/01/34 08/01/34
NL000354     72      72        72        72        0      0     72      0      0     72     72      0        .        .
NL000360     13      13        13        13        0      0      0      0     13     13      0      0        .        .
NL000361     22      22        22        22        0      0     22     22      0      0     22      0        .        .
NL000362     12      12        12        12       12      0      0     12      0      0      0      0 05/09/10 05/09/10
NL000370     16      16        16        16        0      0      0      0     15     16      0      0 01/01/24 01/01/24
NL000373     59      59        59        59        0      0      0      0     59     50      0      0 08/01/25 08/01/25
NL000381     15      15        15        15        0      0      0      0      0     15      0      0        .        .
NL000383     30      30        30        30        0      0     30      0      0      0     30     30 01/01/39 01/01/39
NL000384    178     178       178       178        0      0    178      0      0    178    178      0        .        .
NL000385    130     130       130       130        0      0      0      0      0    130      0    130 03/01/51 03/01/51
NL000386    174     170       172       174        0      0     34      0      0     34     34    170 09/18/41 09/18/41
NL000387     39      39        39        39        0      0     39      0     39      0     39      0        .        .
PRESCAT/Project_assisted_units.sas:  NeighborhoodInfo DC                                    23:28 Monday, April 27, 2015  20

ProgCat=All other combinations
(continued)

         total_ min_asst_ mid_asst_ max_asst_ asst_  asst_  asst_  asst_  asst_  asst_  asst_  asst_  poa_end_ poa_end_
Nlihc_id units    units     units     units   units1 units2 units3 units4 units5 units6 units7 units8   min      max

NL000388     92      92        92        92       92      0     22      0      0     22     22      0        .        .
NL000395     56      56        56        56       53      0     56      0      0      0      0      0 01/01/36 01/01/36
NL000413     17      17        17        17       17      0     17      0      0      0      0     17 01/01/34 01/01/34
NL000419    100     100       100       100       61      0    100      0      0      0      0      0 01/01/37 01/01/37
NL000990    139     139       139       139      139      0    138      0    138      0      0      0 01/01/37 01/01/37
NL001000    152     152       152       152      132      0    151      0      0      0    152    151 03/01/20 03/01/20
NL001008     98      98        98        98       10      0     98      0      0      0      0      0 01/01/39 01/01/39
-------- ------ --------- --------- --------- ------ ------ ------ ------ ------ ------ ------ ------
ProgCat  11,595  11,558    11,577    11,592    2,202      0  7,732    768  2,698  4,703  6,315  7,373                  
         ====== ========= ========= ========= ====== ====== ====== ====== ====== ====== ====== ======
         39,786  38,423    38,551    38,672    9,555  8,728 16,894  1,726  4,270  6,455 10,903 17,137                  

Projects = 108
 Total N = 329
PRESCAT/Project_assisted_units.sas:  NeighborhoodInfo DC                                    23:28 Monday, April 27, 2015  21

----------------------------------------------------------------
|                             |          |   Assisted Units    |
|                             |          |---------------------|
|                             | Projects |   Est.   |   +/-    |
|-----------------------------+----------+----------+----------|
|\b Total                     |       329|    38,551|       121|
|Public Housing only          |        67|     7,349|         0|
|Section 8 only               |        19|     2,177|         0|
|Section 8 and other subsidies|        55|     8,754|        40|
|LIHTC only                   |        27|     3,294|         0|
|HOME only                    |         9|       159|         0|
|CDBG only                    |        12|       595|         0|
|HPTF only                    |        10|       243|         0|
|LIHTC and Tax Exempt Bond    |          |          |          |
|only                         |         5|     1,189|        66|
|All other combinations       |       125|    14,791|        15|
----------------------------------------------------------------
PRESCAT/Project_assisted_units.sas:  NeighborhoodInfo DC                                    23:28 Monday, April 27, 2015  22

-----------------------------------------------------------------------------------------------------------------------
|                             |                                Assisted Units by Ward                                 |
|                             |---------------------------------------------------------------------------------------|
|                             |       Ward 1        |       Ward 2        |       Ward 3        |       Ward 4        |
|                             |---------------------+---------------------+---------------------+---------------------|
|                             |   Est.   |   +/-    |   Est.   |   +/-    |   Est.   |   +/-    |   Est.   |   +/-    |
|-----------------------------+----------+----------+----------+----------+----------+----------+----------+----------|
|\b Total                     |     4,767|        69|     2,196|         3|       384|         8|       900|         0|
|Public Housing only          |     1,145|         0|       910|         0|       160|         0|        43|         0|
|Section 8 only               |       272|         0|       194|         0|        18|         0|         0|         0|
|Section 8 and other subsidies|     1,627|         3|       129|         0|       191|         8|         0|         0|
|LIHTC only                   |       192|         0|       254|         0|         0|         0|       137|         0|
|HOME only                    |        76|         0|         0|         0|         0|         0|         0|         0|
|CDBG only                    |        58|         0|         0|         0|         0|         0|       109|         0|
|HPTF only                    |        46|         0|        74|         0|         0|         0|         6|         0|
|LIHTC and Tax Exempt Bond    |          |          |          |          |          |          |          |          |
|only                         |       219|        66|         0|         0|         0|         0|       105|         0|
|All other combinations       |     1,132|         0|       635|         3|        15|         0|       500|         0|
-----------------------------------------------------------------------------------------------------------------------

(Continued)
PRESCAT/Project_assisted_units.sas:  NeighborhoodInfo DC                                    23:28 Monday, April 27, 2015  23

-----------------------------------------------------------------------------------------------------------------------
|                             |                                Assisted Units by Ward                                 |
|                             |---------------------------------------------------------------------------------------|
|                             |       Ward 5        |       Ward 6        |       Ward 7        |       Ward 8        |
|                             |---------------------+---------------------+---------------------+---------------------|
|                             |   Est.   |   +/-    |   Est.   |   +/-    |   Est.   |   +/-    |   Est.   |   +/-    |
|-----------------------------+----------+----------+----------+----------+----------+----------+----------+----------|
|\b Total                     |     4,345|        30|     7,675|         2|     6,462|         2|    11,822|         7|
|Public Housing only          |       451|         0|     1,945|         0|     1,670|         0|     1,025|         0|
|Section 8 only               |       767|         0|       378|         0|       500|         0|        48|         0|
|Section 8 and other subsidies|     1,400|        27|     1,918|         0|     1,063|         1|     2,426|         1|
|LIHTC only                   |       112|         0|       138|         0|       172|         0|     2,289|         0|
|HOME only                    |         0|         0|         6|         0|        10|         0|        67|         0|
|CDBG only                    |         9|         0|         0|         0|       375|         0|        44|         0|
|HPTF only                    |         0|         0|         0|         0|         6|         0|       111|         0|
|LIHTC and Tax Exempt Bond    |          |          |          |          |          |          |          |          |
|only                         |         0|         0|         0|         0|       549|         0|       316|         0|
|All other combinations       |     1,606|         3|     3,290|         2|     2,117|         1|     5,496|         6|
-----------------------------------------------------------------------------------------------------------------------
