1                                         The SAS System          15:17 Tuesday, November 25, 2014

NOTE: Copyright (c) 2002-2008 by SAS Institute Inc., Cary, NC, USA. 
NOTE: SAS (r) Proprietary Software 9.2 (TS2M3) 
      Licensed to THE URBAN INSTITUTE, Site 70097024.
NOTE: This session is executing on the X64_VSPRO  platform.



NOTE: SAS initialization used:
      real time           1.01 seconds
      cpu time            0.31 seconds
      

NOTE: AUTOEXEC processing beginning; file is D:\Users\ptatian\Documents\My SAS 
      Files\9.2\Autoexnt.sas.


NOTE: AUTOEXEC processing completed.

1          /**************************************************************************
2           Program:  Strategy_units_built.sas
3           Library:  PresCat
4           Project:  NeighborhoodInfo DC
5           Author:   P. Tatian
6           Created:  11/25/14
7           Version:  SAS 9.2
8           Environment:  Local Windows session (desktop)
9          
10          Description:  Units built per year for preservation strategy working
11         group paper.
12         
13          Modifications:
14         **************************************************************************/
15         
16         %include "L:\SAS\Inc\StdLocal.sas";
NOTE: Libref _METADAT was successfully assigned as follows: 
      Engine:        V9 
      Physical Name: L:\Libraries\Metadata\Data
59        +
60        +options ls=124 ps=48;    ** Landscape **;
61        +
62        +** Output title **;
63        +
64        +title "&_library/&_program:  NeighborhoodInfo DC";
65        +
66        +** Define General library for local session only **;
67        +
2 The SAS System                                                                            15:17 Tuesday, November 25, 2014

68        +%DCData_lib( General, env=windows, macdef=dcautos uiautos sasautos )
MPRINT(DCDATA_LIB):   options nomprint;
NOTE: Libref GENERA_L was successfully assigned as follows: 
      Engine:        V9 
      Physical Name: D:\DCData\Libraries\General\Data
NOTE: Libref GENERA_R was successfully assigned as follows: 
      Engine:        V9 
      Physical Name: L:\Libraries\General\Data
NOTE: Libref GENERAL was successfully assigned as follows: 
      Levels:           2
      Engine(1):        V9 
      Physical Name(1): D:\DCData\Libraries\General\Data
      Engine(2):        V9 
      Physical Name(2): L:\Libraries\General\Data

=====================================================================
Current FmtSearch Option value:

     WORK* LIBRARY* GENERAL

   *implicitly included by default.

=====================================================================
Status of current catalogs:

NOTE:    WORK.FORMATS DOES NOT EXIST
NOTE:    LIBRARY.FORMATS DOES NOT EXIST
NOTE:    GENERAL.FORMATS EXISTS
=====================================================================


=====================================================================
Current Sasautos Option value:

     GENERA_L DCAUTOS UIAUTOS SASAUTOS

=====================================================================


=====================================================================
Current Sasautos Option value:

     GENERA_L  GENERA_R DCAUTOS UIAUTOS SASAUTOS

=====================================================================

3 The SAS System                                                                            15:17 Tuesday, November 25, 2014

69        +
70        +%let _userid = %sysfunc( putc( %lowcase(&SYSUSERID), $longusr. ) );
NOTE: %INCLUDE (level 1) ending.
71         
72         ** Define libraries **;
73         %DCData_lib( PresCat )
MPRINT(DCDATA_LIB):   options nomprint;
NOTE: Libref PRESCA_L was successfully assigned as follows: 
      Engine:        V9 
      Physical Name: D:\DCData\Libraries\PresCat\Data
NOTE: Libref PRESCA_R was successfully assigned as follows: 
      Engine:        V9 
      Physical Name: L:\Libraries\PresCat\Data
NOTE: Libref PRESCAT was successfully assigned as follows: 
      Levels:           2
      Engine(1):        V9 
      Physical Name(1): D:\DCData\Libraries\PresCat\Data
      Engine(2):        V9 
      Physical Name(2): L:\Libraries\PresCat\Data

=====================================================================
Current FmtSearch Option value:

     WORK* LIBRARY* GENERAL PRESCAT

   *implicitly included by default.

=====================================================================
Status of current catalogs:

NOTE:    WORK.FORMATS DOES NOT EXIST
NOTE:    LIBRARY.FORMATS DOES NOT EXIST
NOTE:    GENERAL.FORMATS EXISTS
NOTE:    PRESCAT.FORMATS EXISTS
=====================================================================


=====================================================================
Current Sasautos Option value:

     PRESCA_L GENERA_L GENERA_R DCAUTOS UIAUTOS SASAUTOS

=====================================================================


=====================================================================
4 The SAS System                                                                            15:17 Tuesday, November 25, 2014

Current Sasautos Option value:

     PRESCA_L  PRESCA_R GENERA_L GENERA_R DCAUTOS UIAUTOS SASAUTOS

=====================================================================

74         %DCData_lib( OCC )
MPRINT(DCDATA_LIB):   options nomprint;
NOTE: Libref OCC_L was successfully assigned as follows: 
      Engine:        V9 
      Physical Name: D:\DCData\Libraries\OCC\Data
NOTE: Libref OCC_R was successfully assigned as follows: 
      Engine:        V9 
      Physical Name: L:\Libraries\OCC\Data
NOTE: Libref OCC was successfully assigned as follows: 
      Levels:           2
      Engine(1):        V9 
      Physical Name(1): D:\DCData\Libraries\OCC\Data
      Engine(2):        V9 
      Physical Name(2): L:\Libraries\OCC\Data

=====================================================================
Current FmtSearch Option value:

     WORK* LIBRARY* GENERAL PRESCAT OCC

   *implicitly included by default.

=====================================================================
Status of current catalogs:

NOTE:    WORK.FORMATS DOES NOT EXIST
NOTE:    LIBRARY.FORMATS DOES NOT EXIST
NOTE:    GENERAL.FORMATS EXISTS
NOTE:    PRESCAT.FORMATS EXISTS
NOTE:    OCC.FORMATS EXISTS
=====================================================================


=====================================================================
Current Sasautos Option value:

     PRESCA_L PRESCA_R  OCC_L GENERA_L GENERA_R DCAUTOS UIAUTOS SASAUTOS

=====================================================================

5 The SAS System                                                                            15:17 Tuesday, November 25, 2014


=====================================================================
Current Sasautos Option value:

     PRESCA_L PRESCA_R OCC_L  OCC_R GENERA_L GENERA_R DCAUTOS UIAUTOS SASAUTOS

=====================================================================

75         %DCData_lib( RealProp, local=n )
MPRINT(DCDATA_LIB):   options nomprint;
NOTE: Libref REALPR_R was successfully assigned as follows: 
      Engine:        V9 
      Physical Name: L:\Libraries\RealProp\Data
NOTE: Libref REALPROP was successfully assigned as follows: 
      Levels:           1
      Engine(1):        V9 
      Physical Name(1): L:\Libraries\RealProp\Data

=====================================================================
Current FmtSearch Option value:

     WORK* LIBRARY* GENERAL PRESCAT OCC REALPROP

   *implicitly included by default.

=====================================================================
Status of current catalogs:

NOTE:    WORK.FORMATS DOES NOT EXIST
NOTE:    LIBRARY.FORMATS DOES NOT EXIST
NOTE:    GENERAL.FORMATS EXISTS
NOTE:    PRESCAT.FORMATS EXISTS
NOTE:    OCC.FORMATS EXISTS
NOTE:    REALPROP.FORMATS EXISTS
=====================================================================


=====================================================================
Current Sasautos Option value:

     PRESCA_L PRESCA_R OCC_L OCC_R  REALPR_R GENERA_L GENERA_R DCAUTOS UIAUTOS SASAUTOS

=====================================================================

76         %DCData_lib( DHCD, local=n )
MPRINT(DCDATA_LIB):   options nomprint;
6 The SAS System                                                                            15:17 Tuesday, November 25, 2014

NOTE: Libref DHCD_R was successfully assigned as follows: 
      Engine:        V9 
      Physical Name: L:\Libraries\DHCD\Data
NOTE: Libref DHCD was successfully assigned as follows: 
      Levels:           1
      Engine(1):        V9 
      Physical Name(1): L:\Libraries\DHCD\Data

=====================================================================
Current FmtSearch Option value:

     WORK* LIBRARY* GENERAL PRESCAT OCC REALPROP DHCD

   *implicitly included by default.

=====================================================================
Status of current catalogs:

NOTE:    WORK.FORMATS DOES NOT EXIST
NOTE:    LIBRARY.FORMATS DOES NOT EXIST
NOTE:    GENERAL.FORMATS EXISTS
NOTE:    PRESCAT.FORMATS EXISTS
NOTE:    OCC.FORMATS EXISTS
NOTE:    REALPROP.FORMATS EXISTS
NOTE:    DHCD.FORMATS DOES NOT EXIST
=====================================================================


=====================================================================
Current Sasautos Option value:

     PRESCA_L PRESCA_R OCC_L OCC_R REALPR_R  DHCD_R GENERA_L GENERA_R DCAUTOS UIAUTOS SASAUTOS

=====================================================================

77         
78         data A;
79         
80           merge
81             OCC.YearNewResDev_parcel
82               (where=(ui_proptype=:'1')
83                in=in1)
84             RealProp.Parcel_rental_units
85               (rename=(ui_proptype=ui_proptype_units))
86             Dhcd.Units_regression
87               (keep=ssl units_full);
7 The SAS System                                                                            15:17 Tuesday, November 25, 2014

88           by ssl;
89         
90           if in1;
91         
92           if ui_proptype in ( '10', '11' ) then units_total = 1;
93           else units_total = units_active;
94         
95           if missing( units_total ) then units_total = units_full;
96         
97         run;

INFO: The variable Units_active on data set OCC.YEARNEWRESDEV_PARCEL will be overwritten by data set 
      REALPROP.PARCEL_RENTAL_UNITS.
INFO: The variable Units_retired on data set OCC.YEARNEWRESDEV_PARCEL will be overwritten by data set 
      REALPROP.PARCEL_RENTAL_UNITS.
NOTE: There were 166425 observations read from the data set OCC.YEARNEWRESDEV_PARCEL.
      WHERE ui_proptype=:'1';
NOTE: There were 14047 observations read from the data set REALPROP.PARCEL_RENTAL_UNITS.
NOTE: There were 17731 observations read from the data set DHCD.UNITS_REGRESSION.
NOTE: The data set WORK.A has 166425 observations and 21 variables.
NOTE: Compressing data set WORK.A decreased size by 58.20 percent. 
      Compressed is 1420 pages; un-compressed would require 3397 pages.
NOTE: DATA statement used (Total process time):
      real time           0.46 seconds
      cpu time            0.46 seconds
      

98         
99         proc tabulate data=A format=comma10.0 noseps missing;
100          where 2012 >= YearBuiltMax >= 1990;
101          class ui_proptype YearBuiltMax;
102          var units_total;
103          table
104            /** Pages **/
105            Nmiss='Missing unit counts' N='Parcels' sum='Units',
106            /** Rows **/
107            YearBuiltMax='Year built',
108            /** Columns **/
109            units_total=' ' * (all='Total' ui_proptype=' ')
110          /rts=45
111          ;
112        run;

NOTE: Multiple concurrent threads will be used to summarize data.
NOTE: There were 19037 observations read from the data set WORK.A.
      WHERE (YearBuiltMax>=1990 and YearBuiltMax<=2012);
8 The SAS System                                                                            15:17 Tuesday, November 25, 2014

NOTE: The PROCEDURE TABULATE printed pages 1-3.
NOTE: PROCEDURE TABULATE used (Total process time):
      real time           0.14 seconds
      cpu time            0.14 seconds
      

113        
114        proc format;
115          value yearrng
116            1990-2001 = '1990 to 2001'
117            2002-2012 = '2002 to 2012';
NOTE: Format YEARRNG has been output.
118        

NOTE: PROCEDURE FORMAT used (Total process time):
      real time           0.04 seconds
      cpu time            0.03 seconds
      

119        proc summary data=A nway;
120          where 2012 >= YearBuiltMax >= 1990;
121          class YearBuiltMax;
122          var units_total;
123          output out=A_annual sum=;
124        run;

NOTE: Multiple concurrent threads will be used to summarize data.
NOTE: There were 19037 observations read from the data set WORK.A.
      WHERE (YearBuiltMax>=1990 and YearBuiltMax<=2012);
NOTE: The data set WORK.A_ANNUAL has 23 observations and 4 variables.
NOTE: Compressing data set WORK.A_ANNUAL increased size by 100.00 percent. 
      Compressed is 2 pages; un-compressed would require 1 pages.
NOTE: PROCEDURE SUMMARY used (Total process time):
      real time           0.15 seconds
      cpu time            0.15 seconds
      

125        
126        proc tabulate data=A_annual format=comma10.0 noseps missing;
127          class YearBuiltMax;
128          var units_total;
129          table
130            /** Pages **/
131            mean='Average units per year',
132            /** Rows **/
133            YearBuiltMax='Year built',
9 The SAS System                                                                            15:17 Tuesday, November 25, 2014

134            /** Columns **/
135            units_total='Total'
136          /rts=45
137          ;
138          format YearBuiltMax yearrng.;
139        run;

NOTE: Multiple concurrent threads will be used to summarize data.
NOTE: There were 23 observations read from the data set WORK.A_ANNUAL.
NOTE: The PROCEDURE TABULATE printed page 4.
NOTE: PROCEDURE TABULATE used (Total process time):
      real time           0.00 seconds
      cpu time            0.01 seconds
      

140        
141        

NOTE: SAS Institute Inc., SAS Campus Drive, Cary, NC USA 27513-2414
NOTE: The SAS System used:
      real time           2.03 seconds
      cpu time            1.18 seconds
      
