PRESCAT/Strategy_units_built.sas:  NeighborhoodInfo DC                                  15:17 Tuesday, November 25, 2014   1

Missing unit counts                                                                                            
---------------------------------------------------------------------------------------------------------------
|                                           |          |          |          |Residenti-|          |          |
|                                           |          |Residenti-|Residenti-|   al:    |Residenti-|          |
|                                           |          |al: Single|   al:    |Cooperati-|al: Rental|          |
|                                           |          |  family  |Condomini-|    ve    |apartment |Residenti-|
|                                           |  Total   |   home   | um unit  | building | building |al: Other |
|-------------------------------------------+----------+----------+----------+----------+----------+----------|
|Year built                                 |          |          |          |          |          |          |
|1990                                       |         1|         0|         0|         .|         1|         0|
|1991                                       |         0|         0|         0|         .|         0|         .|
|1992                                       |         0|         0|         0|         .|         0|         .|
|1993                                       |         0|         0|         0|         .|         .|         .|
|1994                                       |         1|         0|         0|         .|         0|         1|
|1995                                       |         0|         0|         0|         0|         0|         .|
|1996                                       |         0|         0|         0|         .|         0|         .|
|1997                                       |         0|         0|         0|         .|         0|         .|
|1998                                       |         0|         0|         0|         .|         0|         .|
|1999                                       |         0|         0|         0|         .|         .|         .|
|2000                                       |         1|         0|         0|         .|         1|         0|
|2001                                       |         0|         0|         0|         .|         0|         0|
|2002                                       |         0|         0|         0|         .|         0|         0|
|2003                                       |         0|         0|         0|         .|         0|         0|
|2004                                       |         0|         0|         0|         .|         0|         0|
|2005                                       |         0|         0|         0|         .|         0|         0|
|2006                                       |         5|         0|         0|         0|         5|         0|
|2007                                       |         1|         0|         0|         .|         1|         0|
|2008                                       |         0|         0|         0|         .|         0|         .|
|2009                                       |         1|         0|         0|         0|         1|         0|
|2010                                       |         0|         0|         0|         .|         0|         .|
|2011                                       |         0|         0|         0|         .|         0|         0|
|2012                                       |         0|         0|         0|         .|         0|         0|
---------------------------------------------------------------------------------------------------------------
PRESCAT/Strategy_units_built.sas:  NeighborhoodInfo DC                                  15:17 Tuesday, November 25, 2014   2

Parcels                                                                                                        
---------------------------------------------------------------------------------------------------------------
|                                           |          |          |          |Residenti-|          |          |
|                                           |          |Residenti-|Residenti-|   al:    |Residenti-|          |
|                                           |          |al: Single|   al:    |Cooperati-|al: Rental|          |
|                                           |          |  family  |Condomini-|    ve    |apartment |Residenti-|
|                                           |  Total   |   home   | um unit  | building | building |al: Other |
|-------------------------------------------+----------+----------+----------+----------+----------+----------|
|Year built                                 |          |          |          |          |          |          |
|1990                                       |       287|       124|       148|         .|        14|         1|
|1991                                       |       476|        77|       393|         .|         6|         .|
|1992                                       |        63|        54|         8|         .|         1|         .|
|1993                                       |        89|        83|         6|         .|         .|         .|
|1994                                       |       228|       108|       118|         .|         2|         0|
|1995                                       |       114|        72|        39|         1|         2|         .|
|1996                                       |       139|       112|        14|         .|        13|         .|
|1997                                       |       166|       114|        51|         .|         1|         .|
|1998                                       |       379|        59|       319|         .|         1|         .|
|1999                                       |       390|       263|       127|         .|         .|         .|
|2000                                       |       685|       286|       394|         .|         4|         1|
|2001                                       |       557|       494|        48|         .|        14|         1|
|2002                                       |     1,330|       208|     1,083|         .|        38|         1|
|2003                                       |     1,480|       118|     1,339|         .|        22|         1|
|2004                                       |     1,800|       278|     1,490|         .|        30|         2|
|2005                                       |     2,404|       260|     2,128|         .|        11|         5|
|2006                                       |     2,174|       361|     1,788|         1|        23|         1|
|2007                                       |     2,281|       564|     1,684|         .|        30|         3|
|2008                                       |     1,553|       444|     1,090|         .|        19|         .|
|2009                                       |     1,073|       221|       818|         1|        31|         2|
|2010                                       |       410|       232|       151|         .|        27|         .|
|2011                                       |       440|       277|       132|         .|        30|         1|
|2012                                       |       509|       260|       218|         .|        22|         9|
---------------------------------------------------------------------------------------------------------------
PRESCAT/Strategy_units_built.sas:  NeighborhoodInfo DC                                  15:17 Tuesday, November 25, 2014   3

Units                                                                                                          
---------------------------------------------------------------------------------------------------------------
|                                           |          |          |          |Residenti-|          |          |
|                                           |          |Residenti-|Residenti-|   al:    |Residenti-|          |
|                                           |          |al: Single|   al:    |Cooperati-|al: Rental|          |
|                                           |          |  family  |Condomini-|    ve    |apartment |Residenti-|
|                                           |  Total   |   home   | um unit  | building | building |al: Other |
|-------------------------------------------+----------+----------+----------+----------+----------+----------|
|Year built                                 |          |          |          |          |          |          |
|1990                                       |       451|       124|       148|         .|        39|       140|
|1991                                       |       587|        77|       393|         .|       117|         .|
|1992                                       |       103|        54|         8|         .|        41|         .|
|1993                                       |        89|        83|         6|         .|         .|         .|
|1994                                       |       232|       108|       118|         .|         6|         .|
|1995                                       |       382|        72|        39|        32|       239|         .|
|1996                                       |       180|       112|        14|         .|        54|         .|
|1997                                       |       169|       114|        51|         .|         4|         .|
|1998                                       |       410|        59|       319|         .|        32|         .|
|1999                                       |       390|       263|       127|         .|         .|         .|
|2000                                       |       695|       286|       394|         .|         7|         8|
|2001                                       |       680|       494|        48|         .|       129|         9|
|2002                                       |     2,098|       208|     1,083|         .|       723|        84|
|2003                                       |     1,870|       118|     1,339|         .|       320|        93|
|2004                                       |     2,549|       278|     1,490|         .|       513|       268|
|2005                                       |     3,284|       260|     2,128|         .|       261|       635|
|2006                                       |     3,640|       361|     1,788|       343|     1,133|        15|
|2007                                       |     4,034|       564|     1,684|         .|     1,448|       338|
|2008                                       |     2,926|       444|     1,090|         .|     1,392|         .|
|2009                                       |     2,742|       221|       818|        12|     1,605|        86|
|2010                                       |     4,727|       232|       151|         .|     4,344|         .|
|2011                                       |     1,796|       277|       132|         .|     1,257|       130|
|2012                                       |     3,166|       260|       218|         .|       844|     1,844|
---------------------------------------------------------------------------------------------------------------
PRESCAT/Strategy_units_built.sas:  NeighborhoodInfo DC                                  15:17 Tuesday, November 25, 2014   4

Average units per year                                  
--------------------------------------------------------
|                                           |  Total   |
|-------------------------------------------+----------|
|Year built                                 |          |
|1990 to 2001                               |       364|
|2002 to 2012                               |     2,985|
--------------------------------------------------------
