PRESCAT/Update_Sec8mf_2015_05.sas:  NeighborhoodInfo DC                               18:36 Wednesday, September 2, 2015   1
File = Subsidy_Update_Sec8mf_2015_05

The CONTENTS Procedure

Data Set Name        WORK.SUBSIDY_UPDATE_SEC8MF_2015_05         Observations           707 
Member Type          DATA                                       Variables              18  
Engine               V9                                         Indexes                0   
Created              Wed, Sep 02, 2015 06:36:46 PM              Observation Length     342 
Last Modified        Wed, Sep 02, 2015 06:36:46 PM              Deleted Observations   0   
Protection                                                      Compressed             CHAR
Data Set Type                                                   Reuse Space            NO  
Label                Preservation Catalog, Project subsidies    Point to Observations  YES 
Data Representation  WINDOWS_64                                 Sorted                 YES 
Encoding             wlatin1  Western (Windows)                                            


                                             Engine/Host Dependent Information

Data Set Page Size          16384                                                                                           
Number of Data Set Pages    8                                                                                               
Number of Data Set Repairs  0                                                                                               
Filename                    D:\Users\ptatian\AppData\Local\Temp\SAS Temporary                                               
                            Files\_TD7280\subsidy_update_sec8mf_2015_05.sas7bdat                                            
Release Created             9.0202M3                                                                                        
Host Created                X64_VSPRO                                                                                       


                                 Alphabetic List of Variables and Attributes
 
 #    Variable                    Type    Len    Format         Label

16    Agency                      Char     80                   Agency responsible for managing subsidy     
14    Compl_end                   Num       8    MMDDYY10.      Compliance period, end date                 
 1    Nlihc_id                    Char      8                   Preservation Catalog project ID             
 5    POA_end                     Num       8    MMDDYY8.       Period of affordability, end date           
15    POA_end_prev                Num       8    MMDDYY10.      Period of affordability, previous end date  
 4    POA_start                   Num       8    MMDDYY8.       Period of affordability, current start date 
17    POA_start_orig              Num       8    MMDDYY10.      Period of affordability, original start date
18    Portfolio                   Char     16    $PORTFOLIO.    Subsidy portfolio                           
13    Program                     Char     32    $PROGFULL.     Subsidy program                             
 8    Subsidy_Active              Num       3    DYESNO.        Subsidy is active                           
10    Subsidy_Info_Source         Char     40    $INFOSRC.      Source for latest subsidy update            
11    Subsidy_Info_Source_Date    Num       8    MMDDYY10.      Date of last subsidy info source            
 9    Subsidy_Info_Source_ID      Char     40                   Project ID number for subsidy info source   
 2    Subsidy_id                  Num       8                   Preservation Catalog subsidy ID             
 3    Units_Assist                Num       8                   Subsidy assisted units                      
12    Update_Dtm                  Num       8    DATETIME16.    Datetime of last subsidy update             
PRESCAT/Update_Sec8mf_2015_05.sas:  NeighborhoodInfo DC                               18:36 Wednesday, September 2, 2015   2
File = Subsidy_Update_Sec8mf_2015_05

The CONTENTS Procedure

                                 Alphabetic List of Variables and Attributes
 
 #    Variable                    Type    Len    Format         Label

 6    contract_number             Char     11                   TRACS-assigned contract number              
 7    rent_to_fmr_description     Char     40                   Rent to FMR ratio for assisted units        


         Sort Information

Sortedby       Nlihc_id Subsidy_id
Validated      NO                 
Character Set  ANSI               
PRESCAT/Update_Sec8mf_2015_05.sas:  NeighborhoodInfo DC                               18:36 Wednesday, September 2, 2015   3
File = Subsidy_update_history_new

The CONTENTS Procedure

Data Set Name        WORK.SUBSIDY_UPDATE_HISTORY_NEW                 Observations           121 
Member Type          DATA                                            Variables              28  
Engine               V9                                              Indexes                0   
Created              Wed, Sep 02, 2015 06:36:46 PM                   Observation Length     444 
Last Modified        Wed, Sep 02, 2015 06:36:46 PM                   Deleted Observations   0   
Protection                                                           Compressed             CHAR
Data Set Type                                                        Reuse Space            NO  
Label                Preservation Catalog, Subsidy update history    Point to Observations  YES 
Data Representation  WINDOWS_64                                      Sorted                 YES 
Encoding             wlatin1  Western (Windows)                                                 


                                             Engine/Host Dependent Information

Data Set Page Size          16384                                                                                           
Number of Data Set Pages    3                                                                                               
Number of Data Set Repairs  0                                                                                               
Filename                    D:\Users\ptatian\AppData\Local\Temp\SAS Temporary                                               
                            Files\_TD7280\subsidy_update_history_new.sas7bdat                                               
Release Created             9.0202M3                                                                                        
Host Created                X64_VSPRO                                                                                       


                                        Alphabetic List of Variables and Attributes
 
 #    Variable                           Type    Len    Format         Label

 7    Compl_end_BASE                     Num       8    MMDDYY10.      Compliance period, end date, BASE                   
 8    Compl_end_COMPARE                  Num       8    MMDDYY10.      Compliance period, end date, COMPARE                
 9    Compl_end_EXCEPT                   Num       8    MMDDYY10.      Compliance period, end date, EXCEPT                 
 1    Nlihc_id                           Char      8                   Preservation Catalog project ID                     
10    POA_end_BASE                       Num       8    MMDDYY8.       Period of affordability, end date, BASE             
11    POA_end_COMPARE                    Num       8    MMDDYY8.       Period of affordability, end date, COMPARE          
12    POA_end_EXCEPT                     Num       8    MMDDYY10.      Period of affordability, end date, EXCEPT           
13    POA_start_BASE                     Num       8    MMDDYY8.       Period of affordability, current start date, BASE   
14    POA_start_COMPARE                  Num       8    MMDDYY8.       Period of affordability, current start date, COMPARE
15    POA_start_EXCEPT                   Num       8    MMDDYY10.      Period of affordability, current start date, EXCEPT 
16    Program_BASE                       Char     32    $PROGFULL.     Subsidy program, BASE                               
17    Program_COMPARE                    Char     32    $PROGFULL.     Subsidy program, COMPARE                            
18    Program_EXCEPT                     Char     32    $PROGFULL.     Subsidy program, EXCEPT                             
19    Subsidy_Active_BASE                Num       3    DYESNO.        Subsidy is active, BASE                             
20    Subsidy_Active_COMPARE             Num       3    DYESNO.        Subsidy is active, COMPARE                          
21    Subsidy_Active_EXCEPT              Num       3    DYESNO.        Subsidy is active, EXCEPT                           
PRESCAT/Update_Sec8mf_2015_05.sas:  NeighborhoodInfo DC                               18:36 Wednesday, September 2, 2015   4
File = Subsidy_update_history_new

The CONTENTS Procedure

                                        Alphabetic List of Variables and Attributes
 
 #    Variable                           Type    Len    Format         Label

 3    Subsidy_Info_Source                Char     40    $INFOSRC.      Source for update                                   
 4    Subsidy_Info_Source_Date           Num       8    MMDDYY10.      Date of update source                               
 6    Subsidy_Info_Source_ID             Char     40                   Project ID number for subsidy info source           
 2    Subsidy_id                         Num       8                   Preservation Catalog subsidy ID                     
22    Units_Assist_BASE                  Num       8                   Subsidy assisted units, BASE                        
23    Units_Assist_COMPARE               Num       8                   Subsidy assisted units, COMPARE                     
24    Units_Assist_EXCEPT                Num       8                   Subsidy assisted units, EXCEPT                      
 5    Update_Dtm                         Num       8    DATETIME16.    Datetime update ran                                 
28    contract_number                    Char     11                   TRACS-assigned contract number                      
25    rent_to_FMR_description_BASE       Char     40                   Rent to FMR ratio for assisted units, BASE          
26    rent_to_FMR_description_COMPARE    Char     40                   Rent to FMR ratio for assisted units, COMPARE       
27    rent_to_FMR_description_EXCEPT     Char     40                   Rent to FMR ratio for assisted units, EXCEPT        


                    Sort Information

Sortedby       Nlihc_id Subsidy_id DESCENDING Update_Dtm
Validated      YES                                      
Character Set  ANSI                                     
PRESCAT/Update_Sec8mf_2015_05.sas:  NeighborhoodInfo DC                               18:36 Wednesday, September 2, 2015   5
File = Project_Update_Sec8mf_2015_05

The CONTENTS Procedure

Data Set Name        WORK.PROJECT_UPDATE_SEC8MF_2015_05    Observations           0   
Member Type          DATA                                  Variables              45  
Engine               V9                                    Indexes                0   
Created              Wed, Sep 02, 2015 06:36:47 PM         Observation Length     1424
Last Modified        Wed, Sep 02, 2015 06:36:47 PM         Deleted Observations   0   
Protection                                                 Compressed             CHAR
Data Set Type                                              Reuse Space            NO  
Label                Preservation Catalog, Projects        Point to Observations  YES 
Data Representation  WINDOWS_64                            Sorted                 YES 
Encoding             wlatin1  Western (Windows)                                       


                                             Engine/Host Dependent Information

Data Set Page Size          16384                                                                                           
Number of Data Set Pages    2                                                                                               
Number of Data Set Repairs  0                                                                                               
Filename                    D:\Users\ptatian\AppData\Local\Temp\SAS Temporary                                               
                            Files\_TD7280\project_update_sec8mf_2015_05.sas7bdat                                            
Release Created             9.0202M3                                                                                        
Host Created                X64_VSPRO                                                                                       


                                       Alphabetic List of Variables and Attributes
 
 #    Variable                 Type    Len    Format          Label

31    Anc2012                  Char      2    $ANC12A.        Advisory Neighborhood Commission (2012)                   
44    Bldg_count               Num       8                    Number of buildings for project                           
 5    Cat_At_Risk              Num       3    DYESNO.         Project at risk                                           
 6    Cat_Expiring             Num       3    DYESNO.         Project has upcoming expiring subsidy                     
 7    Cat_Failing_Insp         Num       3    DYESNO.         Project has failed recent REAC inspection                 
 9    Cat_Lost                 Num       3    DYESNO.         Lost affordable housing                                   
 8    Cat_More_Info            Num       3    DYESNO.         Project flagged for gathering more information            
10    Cat_Replaced             Num       3    DYESNO.         Replaced affordable housing                               
 4    Category_Code            Char      1    $CATEGRY.       Preservation Catalog project category                     
34    Cluster_tr2000           Char      2    $CLUS00A.       Neighborhood cluster (tract-based, 2000)                  
35    Cluster_tr2000_name      Char     80                    Neighborhood cluster names (tract-based, 2000)            
33    Geo2010                  Char     11    $GEO10A.        Full census tract ID (2010): ssccctttttt                  
22    Hud_Mgr_Name             Char     80                    Current property manager name (from HUD)                  
23    Hud_Mgr_Type             Char      2    $OWNMGRTYPE.    Current property manager type (from HUD)                  
19    Hud_Own_Effect_dt        Num       8    MMDDYY10.       Date current owner acquired property (from HUD)           
20    Hud_Own_Name             Char     80                    Current property owner name (from HUD)                    
PRESCAT/Update_Sec8mf_2015_05.sas:  NeighborhoodInfo DC                               18:36 Wednesday, September 2, 2015   6
File = Project_Update_Sec8mf_2015_05

The CONTENTS Procedure

                                       Alphabetic List of Variables and Attributes
 
 #    Variable                 Type    Len    Format          Label

21    Hud_Own_Type             Char      2    $OWNMGRTYPE.    Current property owner type (from HUD)                    
 1    Nlihc_id                 Char      8                    Preservation Catalog project ID                           
12    Proj_Addre               Char    160                    Project main address                                      
30    Proj_Addre_old           Char    108                    Old project address from Access DB                        
13    Proj_City                Char     80                    Project city                                              
11    Proj_Name                Char     80                    Project name                                              
29    Proj_Name_old            Char     60                    Old project name from Access DB                           
14    Proj_ST                  Char      2                    Project state                                             
18    Proj_Units_Assist_Max    Num       8                    Total assisted housing units in project (maximum)         
17    Proj_Units_Assist_Min    Num       8                    Total assisted housing units in project (minimum)         
16    Proj_Units_Tot           Num       8                    Total housing units in project                            
15    Proj_Zip                 Char      5                    Project ZIP code                                          
39    Proj_address_id          Num       8                    Project MAR address ID                                    
37    Proj_image_url           Char    255                    OCTO property image URL                                   
42    Proj_lat                 Num       8                    Project latitude                                          
43    Proj_lon                 Num       8                    Project longitude                                         
38    Proj_streetview_url      Char    255                    Google Street View URL                                    
40    Proj_x                   Num       8                    Project longitude (MD State Plane Coord., NAD 1983 meters)
41    Proj_y                   Num       8                    Project latitude (MD State Plane Coord., NAD 1983 meters) 
32    Psa2012                  Char      3    $PSA12A.        Police Service Area (2012)                                
 2    Status                   Char      1    $STATUS.        Project is active                                         
 3    Subsidized               Num       3    DYESNO.         Project is subsidized                                     
26    Subsidy_End_First        Num       8    MMDDYY8.        First subsidy end date                                    
27    Subsidy_End_Last         Num       8    MMDDYY8.        Last subsidy end date                                     
24    Subsidy_Start_First      Num       8    MMDDYY8.        First subsidy start date                                  
25    Subsidy_Start_Last       Num       8    MMDDYY8.        Last subsidy start date                                   
45    Update_Dtm               Num       8    DATETIME16.     Datetime of last project update                           
28    Ward2012                 Char      1    $WARD12A.       Ward (2012)                                               
36    Zip                      Char      5    $ZIPA.          ZIP code (5 digit)                                        


   Sort Information

Sortedby       Nlihc_id
Validated      NO      
Character Set  ANSI    
PRESCAT/Update_Sec8mf_2015_05.sas:  NeighborhoodInfo DC                               18:36 Wednesday, September 2, 2015   7
File = Project_update_history_new

The CONTENTS Procedure

Data Set Name        WORK.PROJECT_UPDATE_HISTORY_NEW                 Observations           0   
Member Type          DATA                                            Variables              39  
Engine               V9                                              Indexes                0   
Created              Wed, Sep 02, 2015 06:36:47 PM                   Observation Length     740 
Last Modified        Wed, Sep 02, 2015 06:36:47 PM                   Deleted Observations   0   
Protection                                                           Compressed             CHAR
Data Set Type                                                        Reuse Space            NO  
Label                Preservation Catalog, Project update history    Point to Observations  YES 
Data Representation  WINDOWS_64                                      Sorted                 YES 
Encoding             wlatin1  Western (Windows)                                                 


                                             Engine/Host Dependent Information

Data Set Page Size          16384                                                                                           
Number of Data Set Pages    2                                                                                               
Number of Data Set Repairs  0                                                                                               
Filename                    D:\Users\ptatian\AppData\Local\Temp\SAS Temporary                                               
                            Files\_TD7280\project_update_history_new.sas7bdat                                               
Release Created             9.0202M3                                                                                        
Host Created                X64_VSPRO                                                                                       


                              Alphabetic List of Variables and Attributes
 
 #    Variable                        Type    Len    Format          Label

14    Hud_Mgr_Name_BASE               Char     80                                                      
15    Hud_Mgr_Name_COMPARE            Char     80                                                      
16    Hud_Mgr_Name_EXCEPT             Char     80                                                      
23    Hud_Mgr_Name_idvals             Num       8                    &Hud_Mgr_Name_lbl, idvals         
17    Hud_Mgr_Type_BASE               Char      2    $OWNMGRTYPE.                                      
18    Hud_Mgr_Type_COMPARE            Char      2    $OWNMGRTYPE.                                      
19    Hud_Mgr_Type_EXCEPT             Char      2    $OWNMGRTYPE.                                      
24    Hud_Mgr_Type_idvals             Num       8                    &Hud_Mgr_Type_lbl, idvals         
 5    Hud_Own_Effect_dt_BASE          Num       8                                                      
 6    Hud_Own_Effect_dt_COMPARE       Num       8                                                      
 7    Hud_Own_Effect_dt_EXCEPT        Num       8                                                      
20    Hud_Own_Effect_dt_idvals        Num       8                    &Hud_Own_Effect_dt_lbl, idvals    
 8    Hud_Own_Name_BASE               Char     80                                                      
 9    Hud_Own_Name_COMPARE            Char     80                                                      
10    Hud_Own_Name_EXCEPT             Char     80                                                      
21    Hud_Own_Name_idvals             Num       8                    &Hud_Own_Name_lbl, idvals         
PRESCAT/Update_Sec8mf_2015_05.sas:  NeighborhoodInfo DC                               18:36 Wednesday, September 2, 2015   8
File = Project_update_history_new

The CONTENTS Procedure

                              Alphabetic List of Variables and Attributes
 
 #    Variable                        Type    Len    Format          Label

11    Hud_Own_Type_BASE               Char      2    $OWNMGRTYPE.                                      
12    Hud_Own_Type_COMPARE            Char      2    $OWNMGRTYPE.                                      
13    Hud_Own_Type_EXCEPT             Char      2    $OWNMGRTYPE.                                      
22    Hud_Own_Type_idvals             Num       8                    &Hud_Own_Type_lbl, idvals         
 1    Nlihc_id                        Char      8                    Preservation Catalog project ID   
29    Proj_Units_Assist_Max_idvals    Num       8                    &Proj_Units_Assist_Max_lbl, idvals
26    Proj_Units_Assist_Min_idvals    Num       8                    &Proj_Units_Assist_Min_lbl, idvals
25    Subsidized_idvals               Num       8                    &Subsidized_lbl, idvals           
28    Subsidy_End_First_idvals        Num       8                    &Subsidy_End_First_lbl, idvals    
31    Subsidy_End_Last_idvals         Num       8                    &Subsidy_End_Last_lbl, idvals     
 2    Subsidy_Info_Source             Char     40    $INFOSRC.       Source for update                 
 3    Subsidy_Info_Source_Date        Num       8    MMDDYY10.       Date of update source             
27    Subsidy_Start_First_idvals      Num       8                    &Subsidy_Start_First_lbl, idvals  
30    Subsidy_Start_Last_idvals       Num       8                    &Subsidy_Start_Last_lbl, idvals   
 4    Update_Dtm                      Num       8    DATETIME16.     Datetime update ran               
36    basechar1                       Num       8                                                      
37    basenum1                        Num       8                                                      
34    compchar1                       Num       8                                                      
35    compnum1                        Num       8                                                      
33    difchar1                        Num       8                                                      
32    difnum1                         Num       8                                                      
38    exceptchar1                     Num       8                                                      
39    exceptnum1                      Num       8                                                      


                          Sort Information

Sortedby       Nlihc_id Subsidy_Info_Source Subsidy_Info_Source_Date
Validated      NO                                                   
Character Set  ANSI                                                 
